{"C:\\Users\\parsl\\OneDrive\\Desktop\\COMS\\Software Design\\SD Project\\StaffRelations\\src\\hr_list.js": {"path":"C:\\Users\\parsl\\OneDrive\\Desktop\\COMS\\Software Design\\SD Project\\StaffRelations\\src\\hr_list.js","statementMap":{"0":{"start":{"line":1,"column":13},"end":{"line":23,"column":1}},"1":{"start":{"line":24,"column":18},"end":{"line":24,"column":54}},"2":{"start":{"line":25,"column":0},"end":{"line":25,"column":25}},"3":{"start":{"line":26,"column":0},"end":{"line":26,"column":18}},"4":{"start":{"line":27,"column":18},"end":{"line":27,"column":54}},"5":{"start":{"line":28,"column":0},"end":{"line":51,"column":3}},"6":{"start":{"line":29,"column":4},"end":{"line":29,"column":27}},"7":{"start":{"line":30,"column":17},"end":{"line":30,"column":54}},"8":{"start":{"line":31,"column":20},"end":{"line":31,"column":60}},"9":{"start":{"line":32,"column":17},"end":{"line":32,"column":54}},"10":{"start":{"line":33,"column":21},"end":{"line":33,"column":62}},"11":{"start":{"line":34,"column":21},"end":{"line":34,"column":62}},"12":{"start":{"line":36,"column":4},"end":{"line":36,"column":61}},"13":{"start":{"line":37,"column":18},"end":{"line":37,"column":35}},"14":{"start":{"line":39,"column":24},"end":{"line":39,"column":55}},"15":{"start":{"line":40,"column":4},"end":{"line":40,"column":44}},"16":{"start":{"line":41,"column":4},"end":{"line":48,"column":6}},"17":{"start":{"line":49,"column":4},"end":{"line":49,"column":39}},"18":{"start":{"line":50,"column":4},"end":{"line":50,"column":22}},"19":{"start":{"line":54,"column":0},"end":{"line":61,"column":3}},"20":{"start":{"line":55,"column":4},"end":{"line":60,"column":5}},"21":{"start":{"line":56,"column":22},"end":{"line":56,"column":48}},"22":{"start":{"line":57,"column":8},"end":{"line":57,"column":43}},"23":{"start":{"line":58,"column":8},"end":{"line":58,"column":32}},"24":{"start":{"line":59,"column":8},"end":{"line":59,"column":26}},"25":{"start":{"line":64,"column":15},"end":{"line":64,"column":38}},"26":{"start":{"line":65,"column":4},"end":{"line":65,"column":29}},"27":{"start":{"line":66,"column":4},"end":{"line":78,"column":7}},"28":{"start":{"line":67,"column":28},"end":{"line":67,"column":59}},"29":{"start":{"line":68,"column":8},"end":{"line":68,"column":48}},"30":{"start":{"line":69,"column":8},"end":{"line":76,"column":10}},"31":{"start":{"line":77,"column":8},"end":{"line":77,"column":43}},"32":{"start":{"line":82,"column":15},"end":{"line":82,"column":17}},"33":{"start":{"line":83,"column":21},"end":{"line":83,"column":43}},"34":{"start":{"line":84,"column":21},"end":{"line":84,"column":42}},"35":{"start":{"line":85,"column":19},"end":{"line":85,"column":40}},"36":{"start":{"line":86,"column":16},"end":{"line":86,"column":28}},"37":{"start":{"line":87,"column":4},"end":{"line":91,"column":6}},"38":{"start":{"line":88,"column":8},"end":{"line":90,"column":9}},"39":{"start":{"line":89,"column":12},"end":{"line":89,"column":30}},"40":{"start":{"line":92,"column":4},"end":{"line":92,"column":16}},"41":{"start":{"line":96,"column":0},"end":{"line":96,"column":52}}},"fnMap":{"0":{"name":"(anonymous_0)","decl":{"start":{"line":28,"column":37},"end":{"line":28,"column":38}},"loc":{"start":{"line":28,"column":46},"end":{"line":51,"column":1}},"line":28},"1":{"name":"(anonymous_1)","decl":{"start":{"line":54,"column":36},"end":{"line":54,"column":37}},"loc":{"start":{"line":54,"column":45},"end":{"line":61,"column":1}},"line":54},"2":{"name":"renderStaffList","decl":{"start":{"line":63,"column":15},"end":{"line":63,"column":30}},"loc":{"start":{"line":63,"column":33},"end":{"line":79,"column":1}},"line":63},"3":{"name":"(anonymous_3)","decl":{"start":{"line":66,"column":17},"end":{"line":66,"column":18}},"loc":{"start":{"line":66,"column":35},"end":{"line":78,"column":5}},"line":66},"4":{"name":"getStaffManager","decl":{"start":{"line":81,"column":15},"end":{"line":81,"column":30}},"loc":{"start":{"line":81,"column":32},"end":{"line":93,"column":1}},"line":81},"5":{"name":"(anonymous_5)","decl":{"start":{"line":87,"column":18},"end":{"line":87,"column":19}},"loc":{"start":{"line":87,"column":28},"end":{"line":91,"column":5}},"line":87}},"branchMap":{"0":{"loc":{"start":{"line":55,"column":4},"end":{"line":60,"column":5}},"type":"if","locations":[{"start":{"line":55,"column":4},"end":{"line":60,"column":5}},{"start":{},"end":{}}],"line":55},"1":{"loc":{"start":{"line":88,"column":8},"end":{"line":90,"column":9}},"type":"if","locations":[{"start":{"line":88,"column":8},"end":{"line":90,"column":9}},{"start":{},"end":{}}],"line":88},"2":{"loc":{"start":{"line":88,"column":11},"end":{"line":88,"column":57}},"type":"binary-expr","locations":[{"start":{"line":88,"column":11},"end":{"line":88,"column":31}},{"start":{"line":88,"column":35},"end":{"line":88,"column":57}}],"line":88}},"s":{"0":1,"1":1,"2":1,"3":1,"4":1,"5":1,"6":0,"7":0,"8":0,"9":0,"10":0,"11":0,"12":0,"13":0,"14":0,"15":0,"16":0,"17":0,"18":0,"19":1,"20":0,"21":0,"22":0,"23":0,"24":0,"25":1,"26":1,"27":1,"28":4,"29":4,"30":4,"31":4,"32":2,"33":2,"34":2,"35":2,"36":2,"37":2,"38":10,"39":8,"40":2,"41":1},"f":{"0":0,"1":0,"2":1,"3":4,"4":2,"5":10},"b":{"0":[0,0],"1":[8,2],"2":[10,4]},"_coverageSchema":"1a1c01bbd47fc00a2c39e90264f33305004495a9","hash":"42e191ad5b266c2b39eaf5ebb3fd99cc7e197965"}
,"C:\\Users\\parsl\\OneDrive\\Desktop\\COMS\\Software Design\\SD Project\\StaffRelations\\src\\index.js": {"path":"C:\\Users\\parsl\\OneDrive\\Desktop\\COMS\\Software Design\\SD Project\\StaffRelations\\src\\index.js","statementMap":{"0":{"start":{"line":1,"column":21},"end":{"line":1,"column":90}},"1":{"start":{"line":2,"column":22},"end":{"line":2,"column":93}},"2":{"start":{"line":3,"column":22},"end":{"line":3,"column":88}},"3":{"start":{"line":7,"column":24},"end":{"line":7,"column":72}},"4":{"start":{"line":8,"column":24},"end":{"line":8,"column":72}},"5":{"start":{"line":9,"column":16},"end":{"line":9,"column":48}},"6":{"start":{"line":11,"column":4},"end":{"line":50,"column":5}},"7":{"start":{"line":12,"column":18},"end":{"line":12,"column":59}},"8":{"start":{"line":14,"column":8},"end":{"line":46,"column":9}},"9":{"start":{"line":15,"column":12},"end":{"line":15,"column":49}},"10":{"start":{"line":17,"column":13},"end":{"line":46,"column":9}},"11":{"start":{"line":18,"column":12},"end":{"line":18,"column":51}},"12":{"start":{"line":21,"column":12},"end":{"line":21,"column":45}},"13":{"start":{"line":22,"column":21},"end":{"line":22,"column":51}},"14":{"start":{"line":23,"column":21},"end":{"line":23,"column":30}},"15":{"start":{"line":27,"column":12},"end":{"line":27,"column":60}},"16":{"start":{"line":28,"column":12},"end":{"line":28,"column":52}},"17":{"start":{"line":29,"column":12},"end":{"line":29,"column":52}},"18":{"start":{"line":30,"column":12},"end":{"line":30,"column":58}},"19":{"start":{"line":31,"column":12},"end":{"line":43,"column":13}},"20":{"start":{"line":33,"column":16},"end":{"line":33,"column":57}},"21":{"start":{"line":35,"column":17},"end":{"line":43,"column":13}},"22":{"start":{"line":38,"column":16},"end":{"line":38,"column":59}},"23":{"start":{"line":42,"column":16},"end":{"line":42,"column":54}},"24":{"start":{"line":48,"column":8},"end":{"line":48,"column":62}},"25":{"start":{"line":54,"column":21},"end":{"line":54,"column":43}},"26":{"start":{"line":55,"column":21},"end":{"line":55,"column":42}},"27":{"start":{"line":56,"column":19},"end":{"line":56,"column":40}},"28":{"start":{"line":57,"column":15},"end":{"line":57,"column":27}},"29":{"start":{"line":58,"column":4},"end":{"line":67,"column":7}},"30":{"start":{"line":59,"column":8},"end":{"line":66,"column":9}},"31":{"start":{"line":60,"column":12},"end":{"line":65,"column":13}},"32":{"start":{"line":61,"column":16},"end":{"line":61,"column":24}},"33":{"start":{"line":64,"column":16},"end":{"line":64,"column":24}},"34":{"start":{"line":69,"column":4},"end":{"line":69,"column":13}},"35":{"start":{"line":73,"column":21},"end":{"line":73,"column":52}},"36":{"start":{"line":74,"column":21},"end":{"line":74,"column":55}},"37":{"start":{"line":75,"column":19},"end":{"line":75,"column":40}},"38":{"start":{"line":76,"column":15},"end":{"line":76,"column":30}},"39":{"start":{"line":77,"column":4},"end":{"line":77,"column":16}},"40":{"start":{"line":81,"column":0},"end":{"line":81,"column":50}}},"fnMap":{"0":{"name":"login","decl":{"start":{"line":5,"column":15},"end":{"line":5,"column":20}},"loc":{"start":{"line":5,"column":22},"end":{"line":51,"column":1}},"line":5},"1":{"name":"checkLogin","decl":{"start":{"line":53,"column":15},"end":{"line":53,"column":25}},"loc":{"start":{"line":53,"column":44},"end":{"line":70,"column":1}},"line":53},"2":{"name":"getUserInfo","decl":{"start":{"line":72,"column":15},"end":{"line":72,"column":26}},"loc":{"start":{"line":72,"column":32},"end":{"line":78,"column":1}},"line":72}},"branchMap":{"0":{"loc":{"start":{"line":11,"column":4},"end":{"line":50,"column":5}},"type":"if","locations":[{"start":{"line":11,"column":4},"end":{"line":50,"column":5}},{"start":{"line":47,"column":11},"end":{"line":50,"column":5}}],"line":11},"1":{"loc":{"start":{"line":11,"column":8},"end":{"line":11,"column":48}},"type":"binary-expr","locations":[{"start":{"line":11,"column":8},"end":{"line":11,"column":26}},{"start":{"line":11,"column":30},"end":{"line":11,"column":48}}],"line":11},"2":{"loc":{"start":{"line":14,"column":8},"end":{"line":46,"column":9}},"type":"if","locations":[{"start":{"line":14,"column":8},"end":{"line":46,"column":9}},{"start":{"line":17,"column":13},"end":{"line":46,"column":9}}],"line":14},"3":{"loc":{"start":{"line":17,"column":13},"end":{"line":46,"column":9}},"type":"if","locations":[{"start":{"line":17,"column":13},"end":{"line":46,"column":9}},{"start":{"line":20,"column":12},"end":{"line":46,"column":9}}],"line":17},"4":{"loc":{"start":{"line":31,"column":12},"end":{"line":43,"column":13}},"type":"if","locations":[{"start":{"line":31,"column":12},"end":{"line":43,"column":13}},{"start":{"line":35,"column":17},"end":{"line":43,"column":13}}],"line":31},"5":{"loc":{"start":{"line":35,"column":17},"end":{"line":43,"column":13}},"type":"if","locations":[{"start":{"line":35,"column":17},"end":{"line":43,"column":13}},{"start":{"line":40,"column":16},"end":{"line":43,"column":13}}],"line":35},"6":{"loc":{"start":{"line":59,"column":8},"end":{"line":66,"column":9}},"type":"if","locations":[{"start":{"line":59,"column":8},"end":{"line":66,"column":9}},{"start":{},"end":{}}],"line":59},"7":{"loc":{"start":{"line":60,"column":12},"end":{"line":65,"column":13}},"type":"if","locations":[{"start":{"line":60,"column":12},"end":{"line":65,"column":13}},{"start":{"line":63,"column":16},"end":{"line":65,"column":13}}],"line":60}},"s":{"0":1,"1":1,"2":1,"3":8,"4":8,"5":8,"6":8,"7":5,"8":5,"9":1,"10":4,"11":1,"12":3,"13":3,"14":3,"15":3,"16":3,"17":3,"18":3,"19":3,"20":1,"21":2,"22":1,"23":1,"24":3,"25":9,"26":9,"27":9,"28":9,"29":9,"30":39,"31":6,"32":4,"33":2,"34":3,"35":4,"36":4,"37":4,"38":4,"39":4,"40":1},"f":{"0":8,"1":9,"2":4},"b":{"0":[5,3],"1":[8,6],"2":[1,4],"3":[1,3],"4":[1,2],"5":[1,1],"6":[6,33],"7":[4,2]},"_coverageSchema":"1a1c01bbd47fc00a2c39e90264f33305004495a9","hash":"1ba0c5e3f8c06ffa6f19717b886af0b12d69fdeb"}
,"C:\\Users\\parsl\\OneDrive\\Desktop\\COMS\\Software Design\\SD Project\\StaffRelations\\src\\manager_list.js": {"path":"C:\\Users\\parsl\\OneDrive\\Desktop\\COMS\\Software Design\\SD Project\\StaffRelations\\src\\manager_list.js","statementMap":{"0":{"start":{"line":1,"column":18},"end":{"line":1,"column":54}},"1":{"start":{"line":3,"column":13},"end":{"line":22,"column":1}},"2":{"start":{"line":24,"column":0},"end":{"line":24,"column":25}},"3":{"start":{"line":25,"column":0},"end":{"line":25,"column":18}},"4":{"start":{"line":27,"column":0},"end":{"line":46,"column":3}},"5":{"start":{"line":28,"column":4},"end":{"line":28,"column":27}},"6":{"start":{"line":29,"column":17},"end":{"line":29,"column":54}},"7":{"start":{"line":30,"column":20},"end":{"line":30,"column":60}},"8":{"start":{"line":31,"column":21},"end":{"line":31,"column":62}},"9":{"start":{"line":32,"column":21},"end":{"line":32,"column":62}},"10":{"start":{"line":34,"column":4},"end":{"line":34,"column":54}},"11":{"start":{"line":35,"column":18},"end":{"line":35,"column":35}},"12":{"start":{"line":37,"column":24},"end":{"line":37,"column":55}},"13":{"start":{"line":38,"column":4},"end":{"line":38,"column":44}},"14":{"start":{"line":39,"column":4},"end":{"line":43,"column":6}},"15":{"start":{"line":44,"column":4},"end":{"line":44,"column":39}},"16":{"start":{"line":45,"column":4},"end":{"line":45,"column":22}},"17":{"start":{"line":49,"column":0},"end":{"line":56,"column":3}},"18":{"start":{"line":50,"column":4},"end":{"line":55,"column":5}},"19":{"start":{"line":51,"column":22},"end":{"line":51,"column":48}},"20":{"start":{"line":52,"column":8},"end":{"line":52,"column":43}},"21":{"start":{"line":53,"column":8},"end":{"line":53,"column":32}},"22":{"start":{"line":54,"column":8},"end":{"line":54,"column":26}},"23":{"start":{"line":59,"column":15},"end":{"line":59,"column":31}},"24":{"start":{"line":60,"column":4},"end":{"line":60,"column":29}},"25":{"start":{"line":61,"column":4},"end":{"line":70,"column":7}},"26":{"start":{"line":62,"column":28},"end":{"line":62,"column":59}},"27":{"start":{"line":63,"column":8},"end":{"line":63,"column":48}},"28":{"start":{"line":64,"column":8},"end":{"line":68,"column":10}},"29":{"start":{"line":69,"column":8},"end":{"line":69,"column":43}},"30":{"start":{"line":74,"column":15},"end":{"line":74,"column":17}},"31":{"start":{"line":75,"column":21},"end":{"line":75,"column":43}},"32":{"start":{"line":76,"column":21},"end":{"line":76,"column":47}},"33":{"start":{"line":77,"column":19},"end":{"line":77,"column":40}},"34":{"start":{"line":78,"column":16},"end":{"line":78,"column":28}},"35":{"start":{"line":79,"column":4},"end":{"line":83,"column":6}},"36":{"start":{"line":80,"column":8},"end":{"line":82,"column":9}},"37":{"start":{"line":81,"column":12},"end":{"line":81,"column":30}},"38":{"start":{"line":84,"column":4},"end":{"line":84,"column":16}},"39":{"start":{"line":88,"column":0},"end":{"line":88,"column":45}}},"fnMap":{"0":{"name":"(anonymous_0)","decl":{"start":{"line":27,"column":37},"end":{"line":27,"column":38}},"loc":{"start":{"line":27,"column":46},"end":{"line":46,"column":1}},"line":27},"1":{"name":"(anonymous_1)","decl":{"start":{"line":49,"column":36},"end":{"line":49,"column":37}},"loc":{"start":{"line":49,"column":45},"end":{"line":56,"column":1}},"line":49},"2":{"name":"renderStaffList","decl":{"start":{"line":58,"column":15},"end":{"line":58,"column":30}},"loc":{"start":{"line":58,"column":33},"end":{"line":71,"column":1}},"line":58},"3":{"name":"(anonymous_3)","decl":{"start":{"line":61,"column":17},"end":{"line":61,"column":18}},"loc":{"start":{"line":61,"column":35},"end":{"line":70,"column":5}},"line":61},"4":{"name":"getStaff","decl":{"start":{"line":73,"column":15},"end":{"line":73,"column":23}},"loc":{"start":{"line":73,"column":25},"end":{"line":85,"column":1}},"line":73},"5":{"name":"(anonymous_5)","decl":{"start":{"line":79,"column":18},"end":{"line":79,"column":19}},"loc":{"start":{"line":79,"column":28},"end":{"line":83,"column":5}},"line":79}},"branchMap":{"0":{"loc":{"start":{"line":50,"column":4},"end":{"line":55,"column":5}},"type":"if","locations":[{"start":{"line":50,"column":4},"end":{"line":55,"column":5}},{"start":{},"end":{}}],"line":50},"1":{"loc":{"start":{"line":80,"column":8},"end":{"line":82,"column":9}},"type":"if","locations":[{"start":{"line":80,"column":8},"end":{"line":82,"column":9}},{"start":{},"end":{}}],"line":80}},"s":{"0":1,"1":1,"2":1,"3":1,"4":1,"5":0,"6":0,"7":0,"8":0,"9":0,"10":0,"11":0,"12":0,"13":0,"14":0,"15":0,"16":0,"17":1,"18":0,"19":0,"20":0,"21":0,"22":0,"23":1,"24":1,"25":1,"26":3,"27":3,"28":3,"29":3,"30":2,"31":2,"32":2,"33":2,"34":2,"35":2,"36":10,"37":6,"38":2,"39":1},"f":{"0":0,"1":0,"2":1,"3":3,"4":2,"5":10},"b":{"0":[0,0],"1":[6,4]},"_coverageSchema":"1a1c01bbd47fc00a2c39e90264f33305004495a9","hash":"bf9e5e51fa96ae6f0552d4dad8f1d2c39da80abf"}
,"C:\\Users\\parsl\\OneDrive\\Desktop\\COMS\\Software Design\\SD Project\\StaffRelations\\testing\\non_fetch_manager_task.js": {"path":"C:\\Users\\parsl\\OneDrive\\Desktop\\COMS\\Software Design\\SD Project\\StaffRelations\\testing\\non_fetch_manager_task.js","statementMap":{"0":{"start":{"line":3,"column":19},"end":{"line":3,"column":21}},"1":{"start":{"line":4,"column":4},"end":{"line":8,"column":5}},"2":{"start":{"line":5,"column":8},"end":{"line":7,"column":9}},"3":{"start":{"line":6,"column":12},"end":{"line":6,"column":31}},"4":{"start":{"line":9,"column":4},"end":{"line":9,"column":20}},"5":{"start":{"line":15,"column":4},"end":{"line":19,"column":5}},"6":{"start":{"line":16,"column":8},"end":{"line":18,"column":9}},"7":{"start":{"line":17,"column":12},"end":{"line":17,"column":21}},"8":{"start":{"line":20,"column":4},"end":{"line":20,"column":13}},"9":{"start":{"line":25,"column":15},"end":{"line":25,"column":17}},"10":{"start":{"line":26,"column":4},"end":{"line":30,"column":5}},"11":{"start":{"line":27,"column":8},"end":{"line":29,"column":9}},"12":{"start":{"line":28,"column":12},"end":{"line":28,"column":36}},"13":{"start":{"line":31,"column":4},"end":{"line":31,"column":16}},"14":{"start":{"line":35,"column":15},"end":{"line":35,"column":17}},"15":{"start":{"line":36,"column":4},"end":{"line":40,"column":5}},"16":{"start":{"line":37,"column":8},"end":{"line":39,"column":9}},"17":{"start":{"line":38,"column":12},"end":{"line":38,"column":32}},"18":{"start":{"line":41,"column":4},"end":{"line":41,"column":16}},"19":{"start":{"line":45,"column":4},"end":{"line":49,"column":5}},"20":{"start":{"line":46,"column":8},"end":{"line":48,"column":9}},"21":{"start":{"line":47,"column":12},"end":{"line":47,"column":21}},"22":{"start":{"line":50,"column":4},"end":{"line":50,"column":13}},"23":{"start":{"line":53,"column":0},"end":{"line":53,"column":89}}},"fnMap":{"0":{"name":"getTasks","decl":{"start":{"line":2,"column":9},"end":{"line":2,"column":17}},"loc":{"start":{"line":2,"column":31},"end":{"line":10,"column":1}},"line":2},"1":{"name":"taskNameValid","decl":{"start":{"line":14,"column":9},"end":{"line":14,"column":22}},"loc":{"start":{"line":14,"column":33},"end":{"line":21,"column":1}},"line":14},"2":{"name":"getStaff","decl":{"start":{"line":24,"column":9},"end":{"line":24,"column":17}},"loc":{"start":{"line":24,"column":23},"end":{"line":32,"column":1}},"line":24},"3":{"name":"getManagersTasks","decl":{"start":{"line":34,"column":9},"end":{"line":34,"column":25}},"loc":{"start":{"line":34,"column":39},"end":{"line":42,"column":1}},"line":34},"4":{"name":"existsAssignment","decl":{"start":{"line":44,"column":9},"end":{"line":44,"column":25}},"loc":{"start":{"line":44,"column":42},"end":{"line":51,"column":1}},"line":44}},"branchMap":{"0":{"loc":{"start":{"line":5,"column":8},"end":{"line":7,"column":9}},"type":"if","locations":[{"start":{"line":5,"column":8},"end":{"line":7,"column":9}},{"start":{},"end":{}}],"line":5},"1":{"loc":{"start":{"line":16,"column":8},"end":{"line":18,"column":9}},"type":"if","locations":[{"start":{"line":16,"column":8},"end":{"line":18,"column":9}},{"start":{},"end":{}}],"line":16},"2":{"loc":{"start":{"line":27,"column":8},"end":{"line":29,"column":9}},"type":"if","locations":[{"start":{"line":27,"column":8},"end":{"line":29,"column":9}},{"start":{},"end":{}}],"line":27},"3":{"loc":{"start":{"line":37,"column":8},"end":{"line":39,"column":9}},"type":"if","locations":[{"start":{"line":37,"column":8},"end":{"line":39,"column":9}},{"start":{},"end":{}}],"line":37},"4":{"loc":{"start":{"line":46,"column":8},"end":{"line":48,"column":9}},"type":"if","locations":[{"start":{"line":46,"column":8},"end":{"line":48,"column":9}},{"start":{},"end":{}}],"line":46},"5":{"loc":{"start":{"line":46,"column":11},"end":{"line":46,"column":45}},"type":"binary-expr","locations":[{"start":{"line":46,"column":11},"end":{"line":46,"column":25}},{"start":{"line":46,"column":29},"end":{"line":46,"column":45}}],"line":46}},"s":{"0":1,"1":1,"2":5,"3":4,"4":1,"5":2,"6":6,"7":1,"8":1,"9":1,"10":1,"11":5,"12":3,"13":1,"14":2,"15":2,"16":10,"17":5,"18":2,"19":2,"20":11,"21":1,"22":1,"23":1},"f":{"0":1,"1":2,"2":1,"3":2,"4":2},"b":{"0":[4,1],"1":[1,5],"2":[3,2],"3":[5,5],"4":[1,10],"5":[11,5]},"_coverageSchema":"1a1c01bbd47fc00a2c39e90264f33305004495a9","hash":"90f69df0880577c979c5f12aea099329f96576b9"}
,"C:\\Users\\parsl\\OneDrive\\Desktop\\COMS\\Software Design\\SD Project\\StaffRelations\\testing\\non_fetch_staff_task.js": {"path":"C:\\Users\\parsl\\OneDrive\\Desktop\\COMS\\Software Design\\SD Project\\StaffRelations\\testing\\non_fetch_staff_task.js","statementMap":{"0":{"start":{"line":3,"column":4},"end":{"line":3,"column":54}},"1":{"start":{"line":3,"column":30},"end":{"line":3,"column":52}},"2":{"start":{"line":8,"column":4},"end":{"line":8,"column":81}},"3":{"start":{"line":8,"column":33},"end":{"line":8,"column":79}},"4":{"start":{"line":13,"column":4},"end":{"line":13,"column":75}},"5":{"start":{"line":13,"column":44},"end":{"line":13,"column":73}},"6":{"start":{"line":17,"column":4},"end":{"line":21,"column":5}},"7":{"start":{"line":18,"column":8},"end":{"line":20,"column":9}},"8":{"start":{"line":19,"column":12},"end":{"line":19,"column":43}},"9":{"start":{"line":24,"column":0},"end":{"line":24,"column":110}}},"fnMap":{"0":{"name":"filterTaskByName","decl":{"start":{"line":2,"column":9},"end":{"line":2,"column":25}},"loc":{"start":{"line":2,"column":43},"end":{"line":4,"column":1}},"line":2},"1":{"name":"(anonymous_1)","decl":{"start":{"line":3,"column":22},"end":{"line":3,"column":23}},"loc":{"start":{"line":3,"column":30},"end":{"line":3,"column":52}},"line":3},"2":{"name":"filterTimeByTaskAndStaff","decl":{"start":{"line":7,"column":9},"end":{"line":7,"column":33}},"loc":{"start":{"line":7,"column":61},"end":{"line":9,"column":1}},"line":7},"3":{"name":"(anonymous_3)","decl":{"start":{"line":8,"column":25},"end":{"line":8,"column":26}},"loc":{"start":{"line":8,"column":33},"end":{"line":8,"column":79}},"line":8},"4":{"name":"filterAssignments","decl":{"start":{"line":12,"column":9},"end":{"line":12,"column":26}},"loc":{"start":{"line":12,"column":50},"end":{"line":14,"column":1}},"line":12},"5":{"name":"(anonymous_5)","decl":{"start":{"line":13,"column":30},"end":{"line":13,"column":31}},"loc":{"start":{"line":13,"column":44},"end":{"line":13,"column":73}},"line":13},"6":{"name":"getIDTotalTimeFromTaskStaff","decl":{"start":{"line":16,"column":9},"end":{"line":16,"column":36}},"loc":{"start":{"line":16,"column":53},"end":{"line":22,"column":1}},"line":16}},"branchMap":{"0":{"loc":{"start":{"line":8,"column":33},"end":{"line":8,"column":79}},"type":"binary-expr","locations":[{"start":{"line":8,"column":33},"end":{"line":8,"column":55}},{"start":{"line":8,"column":59},"end":{"line":8,"column":79}}],"line":8},"1":{"loc":{"start":{"line":18,"column":8},"end":{"line":20,"column":9}},"type":"if","locations":[{"start":{"line":18,"column":8},"end":{"line":20,"column":9}},{"start":{},"end":{}}],"line":18},"2":{"loc":{"start":{"line":18,"column":11},"end":{"line":18,"column":45}},"type":"binary-expr","locations":[{"start":{"line":18,"column":11},"end":{"line":18,"column":27}},{"start":{"line":18,"column":31},"end":{"line":18,"column":45}}],"line":18}},"s":{"0":2,"1":3,"2":1,"3":1,"4":1,"5":3,"6":1,"7":1,"8":1,"9":1},"f":{"0":2,"1":3,"2":1,"3":1,"4":1,"5":3,"6":1},"b":{"0":[1,1],"1":[1,0],"2":[1,1]},"_coverageSchema":"1a1c01bbd47fc00a2c39e90264f33305004495a9","hash":"17246f0b73285d808b2767578ae4bee8ac05b217"}
}
