{"C:\\Users\\parsl\\OneDrive\\Desktop\\COMS\\Software Design\\SD Project\\StaffRelations\\src\\hr_list.js": {"path":"C:\\Users\\parsl\\OneDrive\\Desktop\\COMS\\Software Design\\SD Project\\StaffRelations\\src\\hr_list.js","statementMap":{"0":{"start":{"line":1,"column":13},"end":{"line":23,"column":1}},"1":{"start":{"line":24,"column":18},"end":{"line":24,"column":54}},"2":{"start":{"line":25,"column":0},"end":{"line":25,"column":25}},"3":{"start":{"line":26,"column":0},"end":{"line":26,"column":18}},"4":{"start":{"line":27,"column":18},"end":{"line":27,"column":54}},"5":{"start":{"line":28,"column":0},"end":{"line":51,"column":3}},"6":{"start":{"line":29,"column":4},"end":{"line":29,"column":27}},"7":{"start":{"line":30,"column":17},"end":{"line":30,"column":54}},"8":{"start":{"line":31,"column":20},"end":{"line":31,"column":60}},"9":{"start":{"line":32,"column":17},"end":{"line":32,"column":54}},"10":{"start":{"line":33,"column":21},"end":{"line":33,"column":62}},"11":{"start":{"line":34,"column":21},"end":{"line":34,"column":62}},"12":{"start":{"line":36,"column":4},"end":{"line":36,"column":61}},"13":{"start":{"line":37,"column":18},"end":{"line":37,"column":35}},"14":{"start":{"line":39,"column":24},"end":{"line":39,"column":55}},"15":{"start":{"line":40,"column":4},"end":{"line":40,"column":44}},"16":{"start":{"line":41,"column":4},"end":{"line":48,"column":6}},"17":{"start":{"line":49,"column":4},"end":{"line":49,"column":39}},"18":{"start":{"line":50,"column":4},"end":{"line":50,"column":22}},"19":{"start":{"line":54,"column":0},"end":{"line":61,"column":3}},"20":{"start":{"line":55,"column":4},"end":{"line":60,"column":5}},"21":{"start":{"line":56,"column":22},"end":{"line":56,"column":48}},"22":{"start":{"line":57,"column":8},"end":{"line":57,"column":43}},"23":{"start":{"line":58,"column":8},"end":{"line":58,"column":32}},"24":{"start":{"line":59,"column":8},"end":{"line":59,"column":26}},"25":{"start":{"line":64,"column":15},"end":{"line":64,"column":38}},"26":{"start":{"line":65,"column":4},"end":{"line":65,"column":29}},"27":{"start":{"line":66,"column":4},"end":{"line":78,"column":7}},"28":{"start":{"line":67,"column":28},"end":{"line":67,"column":59}},"29":{"start":{"line":68,"column":8},"end":{"line":68,"column":48}},"30":{"start":{"line":69,"column":8},"end":{"line":76,"column":10}},"31":{"start":{"line":77,"column":8},"end":{"line":77,"column":43}},"32":{"start":{"line":82,"column":15},"end":{"line":82,"column":17}},"33":{"start":{"line":83,"column":21},"end":{"line":83,"column":43}},"34":{"start":{"line":84,"column":21},"end":{"line":84,"column":42}},"35":{"start":{"line":85,"column":19},"end":{"line":85,"column":40}},"36":{"start":{"line":86,"column":16},"end":{"line":86,"column":28}},"37":{"start":{"line":87,"column":4},"end":{"line":91,"column":6}},"38":{"start":{"line":88,"column":8},"end":{"line":90,"column":9}},"39":{"start":{"line":89,"column":12},"end":{"line":89,"column":30}},"40":{"start":{"line":92,"column":4},"end":{"line":92,"column":16}},"41":{"start":{"line":96,"column":0},"end":{"line":96,"column":52}}},"fnMap":{"0":{"name":"(anonymous_0)","decl":{"start":{"line":28,"column":37},"end":{"line":28,"column":38}},"loc":{"start":{"line":28,"column":46},"end":{"line":51,"column":1}},"line":28},"1":{"name":"(anonymous_1)","decl":{"start":{"line":54,"column":36},"end":{"line":54,"column":37}},"loc":{"start":{"line":54,"column":45},"end":{"line":61,"column":1}},"line":54},"2":{"name":"renderStaffList","decl":{"start":{"line":63,"column":15},"end":{"line":63,"column":30}},"loc":{"start":{"line":63,"column":33},"end":{"line":79,"column":1}},"line":63},"3":{"name":"(anonymous_3)","decl":{"start":{"line":66,"column":17},"end":{"line":66,"column":18}},"loc":{"start":{"line":66,"column":35},"end":{"line":78,"column":5}},"line":66},"4":{"name":"getStaffManager","decl":{"start":{"line":81,"column":15},"end":{"line":81,"column":30}},"loc":{"start":{"line":81,"column":32},"end":{"line":93,"column":1}},"line":81},"5":{"name":"(anonymous_5)","decl":{"start":{"line":87,"column":18},"end":{"line":87,"column":19}},"loc":{"start":{"line":87,"column":28},"end":{"line":91,"column":5}},"line":87}},"branchMap":{"0":{"loc":{"start":{"line":55,"column":4},"end":{"line":60,"column":5}},"type":"if","locations":[{"start":{"line":55,"column":4},"end":{"line":60,"column":5}},{"start":{},"end":{}}],"line":55},"1":{"loc":{"start":{"line":88,"column":8},"end":{"line":90,"column":9}},"type":"if","locations":[{"start":{"line":88,"column":8},"end":{"line":90,"column":9}},{"start":{},"end":{}}],"line":88},"2":{"loc":{"start":{"line":88,"column":11},"end":{"line":88,"column":57}},"type":"binary-expr","locations":[{"start":{"line":88,"column":11},"end":{"line":88,"column":31}},{"start":{"line":88,"column":35},"end":{"line":88,"column":57}}],"line":88}},"s":{"0":1,"1":1,"2":1,"3":1,"4":1,"5":1,"6":0,"7":0,"8":0,"9":0,"10":0,"11":0,"12":0,"13":0,"14":0,"15":0,"16":0,"17":0,"18":0,"19":1,"20":0,"21":0,"22":0,"23":0,"24":0,"25":1,"26":1,"27":1,"28":4,"29":4,"30":4,"31":4,"32":2,"33":2,"34":2,"35":2,"36":2,"37":2,"38":10,"39":8,"40":2,"41":1},"f":{"0":0,"1":0,"2":1,"3":4,"4":2,"5":10},"b":{"0":[0,0],"1":[8,2],"2":[10,4]},"_coverageSchema":"1a1c01bbd47fc00a2c39e90264f33305004495a9","hash":"42e191ad5b266c2b39eaf5ebb3fd99cc7e197965"}
,"C:\\Users\\parsl\\OneDrive\\Desktop\\COMS\\Software Design\\SD Project\\StaffRelations\\src\\index.js": {"path":"C:\\Users\\parsl\\OneDrive\\Desktop\\COMS\\Software Design\\SD Project\\StaffRelations\\src\\index.js","statementMap":{"0":{"start":{"line":1,"column":21},"end":{"line":1,"column":90}},"1":{"start":{"line":2,"column":22},"end":{"line":2,"column":93}},"2":{"start":{"line":3,"column":22},"end":{"line":3,"column":88}},"3":{"start":{"line":7,"column":24},"end":{"line":7,"column":72}},"4":{"start":{"line":8,"column":24},"end":{"line":8,"column":72}},"5":{"start":{"line":9,"column":16},"end":{"line":9,"column":48}},"6":{"start":{"line":11,"column":4},"end":{"line":49,"column":5}},"7":{"start":{"line":12,"column":18},"end":{"line":12,"column":59}},"8":{"start":{"line":14,"column":8},"end":{"line":45,"column":9}},"9":{"start":{"line":15,"column":12},"end":{"line":15,"column":49}},"10":{"start":{"line":17,"column":13},"end":{"line":45,"column":9}},"11":{"start":{"line":18,"column":12},"end":{"line":18,"column":51}},"12":{"start":{"line":21,"column":12},"end":{"line":21,"column":45}},"13":{"start":{"line":22,"column":21},"end":{"line":22,"column":51}},"14":{"start":{"line":23,"column":21},"end":{"line":23,"column":30}},"15":{"start":{"line":27,"column":12},"end":{"line":27,"column":60}},"16":{"start":{"line":28,"column":12},"end":{"line":28,"column":52}},"17":{"start":{"line":29,"column":12},"end":{"line":29,"column":52}},"18":{"start":{"line":30,"column":12},"end":{"line":30,"column":58}},"19":{"start":{"line":31,"column":12},"end":{"line":42,"column":13}},"20":{"start":{"line":32,"column":16},"end":{"line":32,"column":296}},"21":{"start":{"line":35,"column":17},"end":{"line":42,"column":13}},"22":{"start":{"line":36,"column":16},"end":{"line":36,"column":297}},"23":{"start":{"line":40,"column":16},"end":{"line":40,"column":297}},"24":{"start":{"line":47,"column":8},"end":{"line":47,"column":62}},"25":{"start":{"line":53,"column":21},"end":{"line":53,"column":43}},"26":{"start":{"line":54,"column":21},"end":{"line":54,"column":42}},"27":{"start":{"line":55,"column":19},"end":{"line":55,"column":40}},"28":{"start":{"line":56,"column":15},"end":{"line":56,"column":27}},"29":{"start":{"line":57,"column":4},"end":{"line":66,"column":7}},"30":{"start":{"line":58,"column":8},"end":{"line":65,"column":9}},"31":{"start":{"line":59,"column":12},"end":{"line":64,"column":13}},"32":{"start":{"line":60,"column":16},"end":{"line":60,"column":24}},"33":{"start":{"line":63,"column":16},"end":{"line":63,"column":24}},"34":{"start":{"line":68,"column":4},"end":{"line":68,"column":13}},"35":{"start":{"line":72,"column":21},"end":{"line":72,"column":52}},"36":{"start":{"line":73,"column":21},"end":{"line":73,"column":55}},"37":{"start":{"line":74,"column":19},"end":{"line":74,"column":40}},"38":{"start":{"line":75,"column":15},"end":{"line":75,"column":30}},"39":{"start":{"line":76,"column":4},"end":{"line":76,"column":16}},"40":{"start":{"line":80,"column":0},"end":{"line":80,"column":50}}},"fnMap":{"0":{"name":"login","decl":{"start":{"line":5,"column":15},"end":{"line":5,"column":20}},"loc":{"start":{"line":5,"column":22},"end":{"line":50,"column":1}},"line":5},"1":{"name":"checkLogin","decl":{"start":{"line":52,"column":15},"end":{"line":52,"column":25}},"loc":{"start":{"line":52,"column":44},"end":{"line":69,"column":1}},"line":52},"2":{"name":"getUserInfo","decl":{"start":{"line":71,"column":15},"end":{"line":71,"column":26}},"loc":{"start":{"line":71,"column":32},"end":{"line":77,"column":1}},"line":71}},"branchMap":{"0":{"loc":{"start":{"line":11,"column":4},"end":{"line":49,"column":5}},"type":"if","locations":[{"start":{"line":11,"column":4},"end":{"line":49,"column":5}},{"start":{"line":46,"column":11},"end":{"line":49,"column":5}}],"line":11},"1":{"loc":{"start":{"line":11,"column":8},"end":{"line":11,"column":48}},"type":"binary-expr","locations":[{"start":{"line":11,"column":8},"end":{"line":11,"column":26}},{"start":{"line":11,"column":30},"end":{"line":11,"column":48}}],"line":11},"2":{"loc":{"start":{"line":14,"column":8},"end":{"line":45,"column":9}},"type":"if","locations":[{"start":{"line":14,"column":8},"end":{"line":45,"column":9}},{"start":{"line":17,"column":13},"end":{"line":45,"column":9}}],"line":14},"3":{"loc":{"start":{"line":17,"column":13},"end":{"line":45,"column":9}},"type":"if","locations":[{"start":{"line":17,"column":13},"end":{"line":45,"column":9}},{"start":{"line":20,"column":12},"end":{"line":45,"column":9}}],"line":17},"4":{"loc":{"start":{"line":31,"column":12},"end":{"line":42,"column":13}},"type":"if","locations":[{"start":{"line":31,"column":12},"end":{"line":42,"column":13}},{"start":{"line":35,"column":17},"end":{"line":42,"column":13}}],"line":31},"5":{"loc":{"start":{"line":35,"column":17},"end":{"line":42,"column":13}},"type":"if","locations":[{"start":{"line":35,"column":17},"end":{"line":42,"column":13}},{"start":{"line":39,"column":16},"end":{"line":42,"column":13}}],"line":35},"6":{"loc":{"start":{"line":58,"column":8},"end":{"line":65,"column":9}},"type":"if","locations":[{"start":{"line":58,"column":8},"end":{"line":65,"column":9}},{"start":{},"end":{}}],"line":58},"7":{"loc":{"start":{"line":59,"column":12},"end":{"line":64,"column":13}},"type":"if","locations":[{"start":{"line":59,"column":12},"end":{"line":64,"column":13}},{"start":{"line":62,"column":16},"end":{"line":64,"column":13}}],"line":59}},"s":{"0":1,"1":1,"2":1,"3":8,"4":8,"5":8,"6":8,"7":5,"8":5,"9":1,"10":4,"11":1,"12":3,"13":3,"14":3,"15":3,"16":3,"17":3,"18":3,"19":3,"20":1,"21":2,"22":1,"23":1,"24":3,"25":9,"26":9,"27":9,"28":9,"29":9,"30":39,"31":6,"32":4,"33":2,"34":3,"35":4,"36":4,"37":4,"38":4,"39":4,"40":1},"f":{"0":8,"1":9,"2":4},"b":{"0":[5,3],"1":[8,6],"2":[1,4],"3":[1,3],"4":[1,2],"5":[1,1],"6":[6,33],"7":[4,2]},"_coverageSchema":"1a1c01bbd47fc00a2c39e90264f33305004495a9","hash":"dfb1cafa487013a71bc1788529783a6d519ecade"}
,"C:\\Users\\parsl\\OneDrive\\Desktop\\COMS\\Software Design\\SD Project\\StaffRelations\\src\\manager_list.js": {"path":"C:\\Users\\parsl\\OneDrive\\Desktop\\COMS\\Software Design\\SD Project\\StaffRelations\\src\\manager_list.js","statementMap":{"0":{"start":{"line":1,"column":18},"end":{"line":1,"column":54}},"1":{"start":{"line":3,"column":13},"end":{"line":22,"column":1}},"2":{"start":{"line":24,"column":0},"end":{"line":24,"column":25}},"3":{"start":{"line":25,"column":0},"end":{"line":25,"column":18}},"4":{"start":{"line":27,"column":0},"end":{"line":46,"column":3}},"5":{"start":{"line":28,"column":4},"end":{"line":28,"column":27}},"6":{"start":{"line":29,"column":17},"end":{"line":29,"column":54}},"7":{"start":{"line":30,"column":20},"end":{"line":30,"column":60}},"8":{"start":{"line":31,"column":21},"end":{"line":31,"column":62}},"9":{"start":{"line":32,"column":21},"end":{"line":32,"column":62}},"10":{"start":{"line":34,"column":4},"end":{"line":34,"column":54}},"11":{"start":{"line":35,"column":18},"end":{"line":35,"column":35}},"12":{"start":{"line":37,"column":24},"end":{"line":37,"column":55}},"13":{"start":{"line":38,"column":4},"end":{"line":38,"column":44}},"14":{"start":{"line":39,"column":4},"end":{"line":43,"column":6}},"15":{"start":{"line":44,"column":4},"end":{"line":44,"column":39}},"16":{"start":{"line":45,"column":4},"end":{"line":45,"column":22}},"17":{"start":{"line":49,"column":0},"end":{"line":56,"column":3}},"18":{"start":{"line":50,"column":4},"end":{"line":55,"column":5}},"19":{"start":{"line":51,"column":22},"end":{"line":51,"column":48}},"20":{"start":{"line":52,"column":8},"end":{"line":52,"column":43}},"21":{"start":{"line":53,"column":8},"end":{"line":53,"column":32}},"22":{"start":{"line":54,"column":8},"end":{"line":54,"column":26}},"23":{"start":{"line":59,"column":15},"end":{"line":59,"column":31}},"24":{"start":{"line":60,"column":4},"end":{"line":60,"column":29}},"25":{"start":{"line":61,"column":4},"end":{"line":70,"column":7}},"26":{"start":{"line":62,"column":28},"end":{"line":62,"column":59}},"27":{"start":{"line":63,"column":8},"end":{"line":63,"column":48}},"28":{"start":{"line":64,"column":8},"end":{"line":68,"column":10}},"29":{"start":{"line":69,"column":8},"end":{"line":69,"column":43}},"30":{"start":{"line":74,"column":15},"end":{"line":74,"column":17}},"31":{"start":{"line":75,"column":21},"end":{"line":75,"column":43}},"32":{"start":{"line":76,"column":21},"end":{"line":76,"column":47}},"33":{"start":{"line":77,"column":19},"end":{"line":77,"column":40}},"34":{"start":{"line":78,"column":16},"end":{"line":78,"column":28}},"35":{"start":{"line":79,"column":4},"end":{"line":83,"column":6}},"36":{"start":{"line":80,"column":8},"end":{"line":82,"column":9}},"37":{"start":{"line":81,"column":12},"end":{"line":81,"column":30}},"38":{"start":{"line":84,"column":4},"end":{"line":84,"column":16}},"39":{"start":{"line":88,"column":0},"end":{"line":88,"column":45}}},"fnMap":{"0":{"name":"(anonymous_0)","decl":{"start":{"line":27,"column":37},"end":{"line":27,"column":38}},"loc":{"start":{"line":27,"column":46},"end":{"line":46,"column":1}},"line":27},"1":{"name":"(anonymous_1)","decl":{"start":{"line":49,"column":36},"end":{"line":49,"column":37}},"loc":{"start":{"line":49,"column":45},"end":{"line":56,"column":1}},"line":49},"2":{"name":"renderStaffList","decl":{"start":{"line":58,"column":15},"end":{"line":58,"column":30}},"loc":{"start":{"line":58,"column":33},"end":{"line":71,"column":1}},"line":58},"3":{"name":"(anonymous_3)","decl":{"start":{"line":61,"column":17},"end":{"line":61,"column":18}},"loc":{"start":{"line":61,"column":35},"end":{"line":70,"column":5}},"line":61},"4":{"name":"getStaff","decl":{"start":{"line":73,"column":15},"end":{"line":73,"column":23}},"loc":{"start":{"line":73,"column":25},"end":{"line":85,"column":1}},"line":73},"5":{"name":"(anonymous_5)","decl":{"start":{"line":79,"column":18},"end":{"line":79,"column":19}},"loc":{"start":{"line":79,"column":28},"end":{"line":83,"column":5}},"line":79}},"branchMap":{"0":{"loc":{"start":{"line":50,"column":4},"end":{"line":55,"column":5}},"type":"if","locations":[{"start":{"line":50,"column":4},"end":{"line":55,"column":5}},{"start":{},"end":{}}],"line":50},"1":{"loc":{"start":{"line":80,"column":8},"end":{"line":82,"column":9}},"type":"if","locations":[{"start":{"line":80,"column":8},"end":{"line":82,"column":9}},{"start":{},"end":{}}],"line":80}},"s":{"0":1,"1":1,"2":1,"3":1,"4":1,"5":0,"6":0,"7":0,"8":0,"9":0,"10":0,"11":0,"12":0,"13":0,"14":0,"15":0,"16":0,"17":1,"18":0,"19":0,"20":0,"21":0,"22":0,"23":1,"24":1,"25":1,"26":3,"27":3,"28":3,"29":3,"30":2,"31":2,"32":2,"33":2,"34":2,"35":2,"36":10,"37":6,"38":2,"39":1},"f":{"0":0,"1":0,"2":1,"3":3,"4":2,"5":10},"b":{"0":[0,0],"1":[6,4]},"_coverageSchema":"1a1c01bbd47fc00a2c39e90264f33305004495a9","hash":"bf9e5e51fa96ae6f0552d4dad8f1d2c39da80abf"}
,"C:\\Users\\parsl\\OneDrive\\Desktop\\COMS\\Software Design\\SD Project\\StaffRelations\\src\\staff_task.js": {"path":"C:\\Users\\parsl\\OneDrive\\Desktop\\COMS\\Software Design\\SD Project\\StaffRelations\\src\\staff_task.js","statementMap":{"0":{"start":{"line":2,"column":17},"end":{"line":2,"column":49}},"1":{"start":{"line":3,"column":13},"end":{"line":3,"column":41}},"2":{"start":{"line":4,"column":0},"end":{"line":4,"column":59}},"3":{"start":{"line":8,"column":21},"end":{"line":8,"column":48}},"4":{"start":{"line":9,"column":21},"end":{"line":9,"column":42}},"5":{"start":{"line":10,"column":24},"end":{"line":10,"column":45}},"6":{"start":{"line":11,"column":4},"end":{"line":11,"column":29}},"7":{"start":{"line":17,"column":21},"end":{"line":17,"column":43}},"8":{"start":{"line":18,"column":21},"end":{"line":18,"column":42}},"9":{"start":{"line":19,"column":18},"end":{"line":19,"column":39}},"10":{"start":{"line":20,"column":4},"end":{"line":20,"column":23}},"11":{"start":{"line":25,"column":21},"end":{"line":25,"column":42}},"12":{"start":{"line":26,"column":21},"end":{"line":26,"column":42}},"13":{"start":{"line":27,"column":21},"end":{"line":27,"column":42}},"14":{"start":{"line":28,"column":4},"end":{"line":28,"column":26}},"15":{"start":{"line":33,"column":4},"end":{"line":33,"column":54}},"16":{"start":{"line":33,"column":30},"end":{"line":33,"column":52}},"17":{"start":{"line":38,"column":4},"end":{"line":38,"column":81}},"18":{"start":{"line":38,"column":33},"end":{"line":38,"column":79}},"19":{"start":{"line":43,"column":4},"end":{"line":43,"column":75}},"20":{"start":{"line":43,"column":44},"end":{"line":43,"column":73}},"21":{"start":{"line":48,"column":22},"end":{"line":48,"column":58}},"22":{"start":{"line":49,"column":27},"end":{"line":49,"column":51}},"23":{"start":{"line":50,"column":28},"end":{"line":50,"column":71}},"24":{"start":{"line":51,"column":21},"end":{"line":51,"column":42}},"25":{"start":{"line":52,"column":24},"end":{"line":52,"column":46}},"26":{"start":{"line":55,"column":4},"end":{"line":55,"column":29}},"27":{"start":{"line":58,"column":4},"end":{"line":129,"column":5}},"28":{"start":{"line":59,"column":21},"end":{"line":59,"column":64}},"29":{"start":{"line":60,"column":8},"end":{"line":128,"column":9}},"30":{"start":{"line":61,"column":30},"end":{"line":61,"column":94}},"31":{"start":{"line":64,"column":29},"end":{"line":64,"column":62}},"32":{"start":{"line":65,"column":12},"end":{"line":65,"column":49}},"33":{"start":{"line":68,"column":35},"end":{"line":68,"column":63}},"34":{"start":{"line":69,"column":12},"end":{"line":69,"column":51}},"35":{"start":{"line":70,"column":12},"end":{"line":70,"column":49}},"36":{"start":{"line":73,"column":32},"end":{"line":73,"column":65}},"37":{"start":{"line":74,"column":12},"end":{"line":74,"column":55}},"38":{"start":{"line":76,"column":32},"end":{"line":76,"column":59}},"39":{"start":{"line":77,"column":12},"end":{"line":77,"column":78}},"40":{"start":{"line":78,"column":12},"end":{"line":78,"column":49}},"41":{"start":{"line":80,"column":31},"end":{"line":80,"column":58}},"42":{"start":{"line":81,"column":12},"end":{"line":81,"column":73}},"43":{"start":{"line":82,"column":12},"end":{"line":82,"column":48}},"44":{"start":{"line":84,"column":34},"end":{"line":84,"column":61}},"45":{"start":{"line":85,"column":12},"end":{"line":85,"column":88}},"46":{"start":{"line":86,"column":12},"end":{"line":86,"column":51}},"47":{"start":{"line":88,"column":34},"end":{"line":88,"column":140}},"48":{"start":{"line":89,"column":37},"end":{"line":89,"column":64}},"49":{"start":{"line":90,"column":12},"end":{"line":90,"column":55}},"50":{"start":{"line":91,"column":12},"end":{"line":91,"column":54}},"51":{"start":{"line":92,"column":12},"end":{"line":92,"column":46}},"52":{"start":{"line":95,"column":30},"end":{"line":95,"column":63}},"53":{"start":{"line":96,"column":12},"end":{"line":96,"column":49}},"54":{"start":{"line":97,"column":12},"end":{"line":97,"column":47}},"55":{"start":{"line":98,"column":12},"end":{"line":98,"column":44}},"56":{"start":{"line":101,"column":32},"end":{"line":101,"column":64}},"57":{"start":{"line":102,"column":12},"end":{"line":102,"column":46}},"58":{"start":{"line":103,"column":12},"end":{"line":103,"column":83}},"59":{"start":{"line":103,"column":56},"end":{"line":103,"column":81}},"60":{"start":{"line":104,"column":12},"end":{"line":104,"column":46}},"61":{"start":{"line":107,"column":31},"end":{"line":107,"column":63}},"62":{"start":{"line":108,"column":12},"end":{"line":108,"column":44}},"63":{"start":{"line":109,"column":12},"end":{"line":109,"column":81}},"64":{"start":{"line":109,"column":55},"end":{"line":109,"column":79}},"65":{"start":{"line":110,"column":12},"end":{"line":110,"column":45}},"66":{"start":{"line":113,"column":34},"end":{"line":113,"column":66}},"67":{"start":{"line":114,"column":12},"end":{"line":114,"column":51}},"68":{"start":{"line":115,"column":12},"end":{"line":115,"column":87}},"69":{"start":{"line":115,"column":58},"end":{"line":115,"column":85}},"70":{"start":{"line":116,"column":12},"end":{"line":116,"column":48}},"71":{"start":{"line":119,"column":12},"end":{"line":119,"column":44}},"72":{"start":{"line":122,"column":32},"end":{"line":122,"column":67}},"73":{"start":{"line":123,"column":25},"end":{"line":123,"column":57}},"74":{"start":{"line":124,"column":12},"end":{"line":124,"column":36}},"75":{"start":{"line":125,"column":12},"end":{"line":125,"column":37}},"76":{"start":{"line":126,"column":12},"end":{"line":126,"column":38}},"77":{"start":{"line":134,"column":4},"end":{"line":137,"column":5}},"78":{"start":{"line":135,"column":8},"end":{"line":135,"column":55}},"79":{"start":{"line":136,"column":8},"end":{"line":136,"column":15}},"80":{"start":{"line":139,"column":18},"end":{"line":139,"column":19}},"81":{"start":{"line":140,"column":21},"end":{"line":146,"column":12}},"82":{"start":{"line":141,"column":8},"end":{"line":141,"column":18}},"83":{"start":{"line":142,"column":22},"end":{"line":142,"column":48}},"84":{"start":{"line":143,"column":24},"end":{"line":143,"column":57}},"85":{"start":{"line":144,"column":31},"end":{"line":144,"column":43}},"86":{"start":{"line":145,"column":8},"end":{"line":145,"column":162}},"87":{"start":{"line":149,"column":4},"end":{"line":149,"column":51}},"88":{"start":{"line":154,"column":4},"end":{"line":157,"column":5}},"89":{"start":{"line":155,"column":8},"end":{"line":155,"column":61}},"90":{"start":{"line":156,"column":8},"end":{"line":156,"column":15}},"91":{"start":{"line":159,"column":23},"end":{"line":159,"column":58}},"92":{"start":{"line":160,"column":4},"end":{"line":160,"column":30}},"93":{"start":{"line":161,"column":4},"end":{"line":161,"column":47}},"94":{"start":{"line":166,"column":4},"end":{"line":169,"column":5}},"95":{"start":{"line":167,"column":8},"end":{"line":167,"column":60}},"96":{"start":{"line":168,"column":8},"end":{"line":168,"column":15}},"97":{"start":{"line":171,"column":17},"end":{"line":171,"column":45}},"98":{"start":{"line":172,"column":4},"end":{"line":175,"column":5}},"99":{"start":{"line":173,"column":8},"end":{"line":173,"column":33}},"100":{"start":{"line":174,"column":8},"end":{"line":174,"column":15}},"101":{"start":{"line":177,"column":38},"end":{"line":177,"column":65}},"102":{"start":{"line":178,"column":25},"end":{"line":178,"column":71}},"103":{"start":{"line":180,"column":21},"end":{"line":180,"column":83}},"104":{"start":{"line":181,"column":18},"end":{"line":181,"column":50}},"105":{"start":{"line":183,"column":17},"end":{"line":183,"column":39}},"106":{"start":{"line":184,"column":39},"end":{"line":184,"column":89}},"107":{"start":{"line":187,"column":25},"end":{"line":187,"column":56}},"108":{"start":{"line":190,"column":20},"end":{"line":194,"column":5}},"109":{"start":{"line":196,"column":21},"end":{"line":196,"column":45}},"110":{"start":{"line":197,"column":21},"end":{"line":201,"column":6}},"111":{"start":{"line":203,"column":4},"end":{"line":203,"column":29}},"112":{"start":{"line":207,"column":0},"end":{"line":207,"column":14}},"113":{"start":{"line":210,"column":0},"end":{"line":234,"column":3}},"114":{"start":{"line":211,"column":4},"end":{"line":211,"column":27}},"115":{"start":{"line":212,"column":15},"end":{"line":212,"column":56}},"116":{"start":{"line":213,"column":15},"end":{"line":213,"column":52}},"117":{"start":{"line":216,"column":18},"end":{"line":216,"column":50}},"118":{"start":{"line":217,"column":15},"end":{"line":217,"column":37}},"119":{"start":{"line":218,"column":22},"end":{"line":218,"column":66}},"120":{"start":{"line":221,"column":21},"end":{"line":221,"column":52}},"121":{"start":{"line":222,"column":16},"end":{"line":226,"column":5}},"122":{"start":{"line":227,"column":21},"end":{"line":227,"column":45}},"123":{"start":{"line":228,"column":21},"end":{"line":232,"column":6}},"124":{"start":{"line":233,"column":4},"end":{"line":233,"column":29}},"125":{"start":{"line":237,"column":4},"end":{"line":241,"column":5}},"126":{"start":{"line":238,"column":8},"end":{"line":240,"column":9}},"127":{"start":{"line":239,"column":12},"end":{"line":239,"column":43}},"128":{"start":{"line":245,"column":0},"end":{"line":245,"column":221}}},"fnMap":{"0":{"name":"fetchAssignments","decl":{"start":{"line":7,"column":15},"end":{"line":7,"column":31}},"loc":{"start":{"line":7,"column":34},"end":{"line":13,"column":1}},"line":7},"1":{"name":"fetchAllTasks","decl":{"start":{"line":16,"column":15},"end":{"line":16,"column":28}},"loc":{"start":{"line":16,"column":31},"end":{"line":21,"column":1}},"line":16},"2":{"name":"fetchTimeSpent","decl":{"start":{"line":24,"column":15},"end":{"line":24,"column":29}},"loc":{"start":{"line":24,"column":32},"end":{"line":29,"column":1}},"line":24},"3":{"name":"filterTaskByName","decl":{"start":{"line":32,"column":9},"end":{"line":32,"column":25}},"loc":{"start":{"line":32,"column":43},"end":{"line":34,"column":1}},"line":32},"4":{"name":"(anonymous_4)","decl":{"start":{"line":33,"column":22},"end":{"line":33,"column":23}},"loc":{"start":{"line":33,"column":30},"end":{"line":33,"column":52}},"line":33},"5":{"name":"filterTimeByTaskAndStaff","decl":{"start":{"line":37,"column":9},"end":{"line":37,"column":33}},"loc":{"start":{"line":37,"column":61},"end":{"line":39,"column":1}},"line":37},"6":{"name":"(anonymous_6)","decl":{"start":{"line":38,"column":25},"end":{"line":38,"column":26}},"loc":{"start":{"line":38,"column":33},"end":{"line":38,"column":79}},"line":38},"7":{"name":"filterAssignments","decl":{"start":{"line":42,"column":9},"end":{"line":42,"column":26}},"loc":{"start":{"line":42,"column":50},"end":{"line":44,"column":1}},"line":42},"8":{"name":"(anonymous_8)","decl":{"start":{"line":43,"column":30},"end":{"line":43,"column":31}},"loc":{"start":{"line":43,"column":44},"end":{"line":43,"column":73}},"line":43},"9":{"name":"renderTasks","decl":{"start":{"line":47,"column":15},"end":{"line":47,"column":26}},"loc":{"start":{"line":47,"column":29},"end":{"line":130,"column":1}},"line":47},"10":{"name":"(anonymous_10)","decl":{"start":{"line":103,"column":50},"end":{"line":103,"column":51}},"loc":{"start":{"line":103,"column":56},"end":{"line":103,"column":81}},"line":103},"11":{"name":"(anonymous_11)","decl":{"start":{"line":109,"column":49},"end":{"line":109,"column":50}},"loc":{"start":{"line":109,"column":55},"end":{"line":109,"column":79}},"line":109},"12":{"name":"(anonymous_12)","decl":{"start":{"line":115,"column":52},"end":{"line":115,"column":53}},"loc":{"start":{"line":115,"column":58},"end":{"line":115,"column":85}},"line":115},"13":{"name":"startStopwatch","decl":{"start":{"line":133,"column":9},"end":{"line":133,"column":23}},"loc":{"start":{"line":133,"column":42},"end":{"line":150,"column":1}},"line":133},"14":{"name":"(anonymous_14)","decl":{"start":{"line":140,"column":33},"end":{"line":140,"column":34}},"loc":{"start":{"line":140,"column":39},"end":{"line":146,"column":5}},"line":140},"15":{"name":"stopStopwatch","decl":{"start":{"line":153,"column":9},"end":{"line":153,"column":22}},"loc":{"start":{"line":153,"column":41},"end":{"line":162,"column":1}},"line":153},"16":{"name":"logStopwatchTime","decl":{"start":{"line":165,"column":15},"end":{"line":165,"column":31}},"loc":{"start":{"line":165,"column":50},"end":{"line":204,"column":1}},"line":165},"17":{"name":"(anonymous_17)","decl":{"start":{"line":210,"column":38},"end":{"line":210,"column":39}},"loc":{"start":{"line":210,"column":51},"end":{"line":234,"column":1}},"line":210},"18":{"name":"getIDTotalTimeFromTaskStaff","decl":{"start":{"line":236,"column":9},"end":{"line":236,"column":36}},"loc":{"start":{"line":236,"column":53},"end":{"line":242,"column":1}},"line":236}},"branchMap":{"0":{"loc":{"start":{"line":38,"column":33},"end":{"line":38,"column":79}},"type":"binary-expr","locations":[{"start":{"line":38,"column":33},"end":{"line":38,"column":55}},{"start":{"line":38,"column":59},"end":{"line":38,"column":79}}],"line":38},"1":{"loc":{"start":{"line":60,"column":8},"end":{"line":128,"column":9}},"type":"if","locations":[{"start":{"line":60,"column":8},"end":{"line":128,"column":9}},{"start":{},"end":{}}],"line":60},"2":{"loc":{"start":{"line":88,"column":34},"end":{"line":88,"column":140}},"type":"cond-expr","locations":[{"start":{"line":88,"column":46},"end":{"line":88,"column":98}},{"start":{"line":88,"column":101},"end":{"line":88,"column":140}}],"line":88},"3":{"loc":{"start":{"line":134,"column":4},"end":{"line":137,"column":5}},"type":"if","locations":[{"start":{"line":134,"column":4},"end":{"line":137,"column":5}},{"start":{},"end":{}}],"line":134},"4":{"loc":{"start":{"line":145,"column":42},"end":{"line":145,"column":63}},"type":"cond-expr","locations":[{"start":{"line":145,"column":55},"end":{"line":145,"column":58}},{"start":{"line":145,"column":61},"end":{"line":145,"column":63}}],"line":145},"5":{"loc":{"start":{"line":145,"column":75},"end":{"line":145,"column":98}},"type":"cond-expr","locations":[{"start":{"line":145,"column":90},"end":{"line":145,"column":93}},{"start":{"line":145,"column":96},"end":{"line":145,"column":98}}],"line":145},"6":{"loc":{"start":{"line":145,"column":112},"end":{"line":145,"column":142}},"type":"cond-expr","locations":[{"start":{"line":145,"column":134},"end":{"line":145,"column":137}},{"start":{"line":145,"column":140},"end":{"line":145,"column":142}}],"line":145},"7":{"loc":{"start":{"line":154,"column":4},"end":{"line":157,"column":5}},"type":"if","locations":[{"start":{"line":154,"column":4},"end":{"line":157,"column":5}},{"start":{},"end":{}}],"line":154},"8":{"loc":{"start":{"line":166,"column":4},"end":{"line":169,"column":5}},"type":"if","locations":[{"start":{"line":166,"column":4},"end":{"line":169,"column":5}},{"start":{},"end":{}}],"line":166},"9":{"loc":{"start":{"line":172,"column":4},"end":{"line":175,"column":5}},"type":"if","locations":[{"start":{"line":172,"column":4},"end":{"line":175,"column":5}},{"start":{},"end":{}}],"line":172},"10":{"loc":{"start":{"line":238,"column":8},"end":{"line":240,"column":9}},"type":"if","locations":[{"start":{"line":238,"column":8},"end":{"line":240,"column":9}},{"start":{},"end":{}}],"line":238},"11":{"loc":{"start":{"line":238,"column":11},"end":{"line":238,"column":45}},"type":"binary-expr","locations":[{"start":{"line":238,"column":11},"end":{"line":238,"column":27}},{"start":{"line":238,"column":31},"end":{"line":238,"column":45}}],"line":238}},"s":{"0":1,"1":1,"2":1,"3":2,"4":2,"5":2,"6":2,"7":2,"8":2,"9":2,"10":2,"11":2,"12":2,"13":2,"14":2,"15":3,"16":4,"17":2,"18":4,"19":2,"20":6,"21":1,"22":1,"23":1,"24":1,"25":1,"26":1,"27":1,"28":1,"29":1,"30":1,"31":1,"32":1,"33":1,"34":1,"35":1,"36":1,"37":1,"38":1,"39":1,"40":1,"41":1,"42":1,"43":1,"44":1,"45":1,"46":1,"47":1,"48":1,"49":1,"50":1,"51":1,"52":1,"53":1,"54":1,"55":1,"56":1,"57":1,"58":1,"59":0,"60":1,"61":1,"62":1,"63":1,"64":0,"65":1,"66":1,"67":1,"68":1,"69":0,"70":1,"71":1,"72":1,"73":1,"74":1,"75":1,"76":1,"77":0,"78":0,"79":0,"80":0,"81":0,"82":0,"83":0,"84":0,"85":0,"86":0,"87":0,"88":0,"89":0,"90":0,"91":0,"92":0,"93":0,"94":0,"95":0,"96":0,"97":0,"98":0,"99":0,"100":0,"101":0,"102":0,"103":0,"104":0,"105":0,"106":0,"107":0,"108":0,"109":0,"110":0,"111":0,"112":1,"113":1,"114":0,"115":0,"116":0,"117":0,"118":0,"119":0,"120":0,"121":0,"122":0,"123":0,"124":0,"125":1,"126":1,"127":1,"128":1},"f":{"0":2,"1":2,"2":2,"3":3,"4":4,"5":2,"6":4,"7":2,"8":6,"9":1,"10":0,"11":0,"12":0,"13":0,"14":0,"15":0,"16":0,"17":0,"18":1},"b":{"0":[4,3],"1":[1,0],"2":[1,0],"3":[0,0],"4":[0,0],"5":[0,0],"6":[0,0],"7":[0,0],"8":[0,0],"9":[0,0],"10":[1,0],"11":[1,1]},"_coverageSchema":"1a1c01bbd47fc00a2c39e90264f33305004495a9","hash":"0ce05cd9102e413c822aaf24bc47e7ed9a53e97b"}
,"C:\\Users\\parsl\\OneDrive\\Desktop\\COMS\\Software Design\\SD Project\\StaffRelations\\testing\\non_fetch_manager_task.js": {"path":"C:\\Users\\parsl\\OneDrive\\Desktop\\COMS\\Software Design\\SD Project\\StaffRelations\\testing\\non_fetch_manager_task.js","statementMap":{"0":{"start":{"line":3,"column":19},"end":{"line":3,"column":21}},"1":{"start":{"line":4,"column":4},"end":{"line":8,"column":5}},"2":{"start":{"line":5,"column":8},"end":{"line":7,"column":9}},"3":{"start":{"line":6,"column":12},"end":{"line":6,"column":31}},"4":{"start":{"line":9,"column":4},"end":{"line":9,"column":20}},"5":{"start":{"line":15,"column":4},"end":{"line":19,"column":5}},"6":{"start":{"line":16,"column":8},"end":{"line":18,"column":9}},"7":{"start":{"line":17,"column":12},"end":{"line":17,"column":21}},"8":{"start":{"line":20,"column":4},"end":{"line":20,"column":13}},"9":{"start":{"line":25,"column":15},"end":{"line":25,"column":17}},"10":{"start":{"line":26,"column":4},"end":{"line":30,"column":5}},"11":{"start":{"line":27,"column":8},"end":{"line":29,"column":9}},"12":{"start":{"line":28,"column":12},"end":{"line":28,"column":36}},"13":{"start":{"line":31,"column":4},"end":{"line":31,"column":16}},"14":{"start":{"line":35,"column":15},"end":{"line":35,"column":17}},"15":{"start":{"line":36,"column":4},"end":{"line":40,"column":5}},"16":{"start":{"line":37,"column":8},"end":{"line":39,"column":9}},"17":{"start":{"line":38,"column":12},"end":{"line":38,"column":32}},"18":{"start":{"line":41,"column":4},"end":{"line":41,"column":16}},"19":{"start":{"line":45,"column":4},"end":{"line":49,"column":5}},"20":{"start":{"line":46,"column":8},"end":{"line":48,"column":9}},"21":{"start":{"line":47,"column":12},"end":{"line":47,"column":21}},"22":{"start":{"line":50,"column":4},"end":{"line":50,"column":13}},"23":{"start":{"line":53,"column":0},"end":{"line":53,"column":89}}},"fnMap":{"0":{"name":"getTasks","decl":{"start":{"line":2,"column":9},"end":{"line":2,"column":17}},"loc":{"start":{"line":2,"column":31},"end":{"line":10,"column":1}},"line":2},"1":{"name":"taskNameValid","decl":{"start":{"line":14,"column":9},"end":{"line":14,"column":22}},"loc":{"start":{"line":14,"column":33},"end":{"line":21,"column":1}},"line":14},"2":{"name":"getStaff","decl":{"start":{"line":24,"column":9},"end":{"line":24,"column":17}},"loc":{"start":{"line":24,"column":23},"end":{"line":32,"column":1}},"line":24},"3":{"name":"getManagersTasks","decl":{"start":{"line":34,"column":9},"end":{"line":34,"column":25}},"loc":{"start":{"line":34,"column":39},"end":{"line":42,"column":1}},"line":34},"4":{"name":"existsAssignment","decl":{"start":{"line":44,"column":9},"end":{"line":44,"column":25}},"loc":{"start":{"line":44,"column":42},"end":{"line":51,"column":1}},"line":44}},"branchMap":{"0":{"loc":{"start":{"line":5,"column":8},"end":{"line":7,"column":9}},"type":"if","locations":[{"start":{"line":5,"column":8},"end":{"line":7,"column":9}},{"start":{},"end":{}}],"line":5},"1":{"loc":{"start":{"line":16,"column":8},"end":{"line":18,"column":9}},"type":"if","locations":[{"start":{"line":16,"column":8},"end":{"line":18,"column":9}},{"start":{},"end":{}}],"line":16},"2":{"loc":{"start":{"line":27,"column":8},"end":{"line":29,"column":9}},"type":"if","locations":[{"start":{"line":27,"column":8},"end":{"line":29,"column":9}},{"start":{},"end":{}}],"line":27},"3":{"loc":{"start":{"line":37,"column":8},"end":{"line":39,"column":9}},"type":"if","locations":[{"start":{"line":37,"column":8},"end":{"line":39,"column":9}},{"start":{},"end":{}}],"line":37},"4":{"loc":{"start":{"line":46,"column":8},"end":{"line":48,"column":9}},"type":"if","locations":[{"start":{"line":46,"column":8},"end":{"line":48,"column":9}},{"start":{},"end":{}}],"line":46},"5":{"loc":{"start":{"line":46,"column":11},"end":{"line":46,"column":45}},"type":"binary-expr","locations":[{"start":{"line":46,"column":11},"end":{"line":46,"column":25}},{"start":{"line":46,"column":29},"end":{"line":46,"column":45}}],"line":46}},"s":{"0":1,"1":1,"2":5,"3":4,"4":1,"5":2,"6":6,"7":1,"8":1,"9":1,"10":1,"11":5,"12":3,"13":1,"14":2,"15":2,"16":10,"17":5,"18":2,"19":2,"20":11,"21":1,"22":1,"23":1},"f":{"0":1,"1":2,"2":1,"3":2,"4":2},"b":{"0":[4,1],"1":[1,5],"2":[3,2],"3":[5,5],"4":[1,10],"5":[11,5]},"_coverageSchema":"1a1c01bbd47fc00a2c39e90264f33305004495a9","hash":"90f69df0880577c979c5f12aea099329f96576b9"}
}
