{"total": {"lines":{"total":452,"covered":303,"skipped":0,"pct":67.03},"statements":{"total":458,"covered":306,"skipped":0,"pct":66.81},"functions":{"total":57,"covered":43,"skipped":0,"pct":75.43},"branches":{"total":82,"covered":58,"skipped":0,"pct":70.73},"branchesTrue":{"total":0,"covered":0,"skipped":0,"pct":"Unknown"}}
,"C:\\Users\\parsl\\OneDrive\\Desktop\\COMS\\Software Design\\SD Project\\StaffRelations\\src\\feedback.js": {"lines":{"total":100,"covered":48,"skipped":0,"pct":48},"functions":{"total":12,"covered":9,"skipped":0,"pct":75},"statements":{"total":100,"covered":48,"skipped":0,"pct":48},"branches":{"total":14,"covered":8,"skipped":0,"pct":57.14}}
,"C:\\Users\\parsl\\OneDrive\\Desktop\\COMS\\Software Design\\SD Project\\StaffRelations\\src\\hr_list.js": {"lines":{"total":42,"covered":24,"skipped":0,"pct":57.14},"functions":{"total":6,"covered":4,"skipped":0,"pct":66.66},"statements":{"total":42,"covered":24,"skipped":0,"pct":57.14},"branches":{"total":6,"covered":4,"skipped":0,"pct":66.66}}
,"C:\\Users\\parsl\\OneDrive\\Desktop\\COMS\\Software Design\\SD Project\\StaffRelations\\src\\index.js": {"lines":{"total":41,"covered":41,"skipped":0,"pct":100},"functions":{"total":3,"covered":3,"skipped":0,"pct":100},"statements":{"total":41,"covered":41,"skipped":0,"pct":100},"branches":{"total":16,"covered":16,"skipped":0,"pct":100}}
,"C:\\Users\\parsl\\OneDrive\\Desktop\\COMS\\Software Design\\SD Project\\StaffRelations\\src\\manager_list.js": {"lines":{"total":40,"covered":23,"skipped":0,"pct":57.5},"functions":{"total":6,"covered":4,"skipped":0,"pct":66.66},"statements":{"total":40,"covered":23,"skipped":0,"pct":57.5},"branches":{"total":4,"covered":2,"skipped":0,"pct":50}}
,"C:\\Users\\parsl\\OneDrive\\Desktop\\COMS\\Software Design\\SD Project\\StaffRelations\\src\\manager_task.js": {"lines":{"total":105,"covered":71,"skipped":0,"pct":67.61},"functions":{"total":11,"covered":9,"skipped":0,"pct":81.81},"statements":{"total":105,"covered":71,"skipped":0,"pct":67.61},"branches":{"total":18,"covered":14,"skipped":0,"pct":77.77}}
,"C:\\Users\\parsl\\OneDrive\\Desktop\\COMS\\Software Design\\SD Project\\StaffRelations\\src\\staff_task.js": {"lines":{"total":124,"covered":96,"skipped":0,"pct":77.41},"functions":{"total":19,"covered":14,"skipped":0,"pct":73.68},"statements":{"total":130,"covered":99,"skipped":0,"pct":76.15},"branches":{"total":24,"covered":14,"skipped":0,"pct":58.33}}
}
