{"total": {"lines":{"total":888,"covered":624,"skipped":0,"pct":70.27},"statements":{"total":899,"covered":632,"skipped":0,"pct":70.3},"functions":{"total":115,"covered":98,"skipped":0,"pct":85.21},"branches":{"total":140,"covered":83,"skipped":0,"pct":59.28},"branchesTrue":{"total":0,"covered":0,"skipped":0,"pct":"Unknown"}}
,"C:\\Users\\parsl\\OneDrive\\Desktop\\COMS\\Software Design\\SD Project\\StaffRelations\\src\\feedback.js": {"lines":{"total":134,"covered":66,"skipped":0,"pct":49.25},"functions":{"total":17,"covered":12,"skipped":0,"pct":70.58},"statements":{"total":134,"covered":66,"skipped":0,"pct":49.25},"branches":{"total":22,"covered":12,"skipped":0,"pct":54.54}}
,"C:\\Users\\parsl\\OneDrive\\Desktop\\COMS\\Software Design\\SD Project\\StaffRelations\\src\\hr_create_meal.js": {"lines":{"total":54,"covered":54,"skipped":0,"pct":100},"functions":{"total":5,"covered":5,"skipped":0,"pct":100},"statements":{"total":54,"covered":54,"skipped":0,"pct":100},"branches":{"total":7,"covered":7,"skipped":0,"pct":100}}
,"C:\\Users\\parsl\\OneDrive\\Desktop\\COMS\\Software Design\\SD Project\\StaffRelations\\src\\hr_feedback.js": {"lines":{"total":60,"covered":60,"skipped":0,"pct":100},"functions":{"total":12,"covered":12,"skipped":0,"pct":100},"statements":{"total":60,"covered":60,"skipped":0,"pct":100},"branches":{"total":6,"covered":6,"skipped":0,"pct":100}}
,"C:\\Users\\parsl\\OneDrive\\Desktop\\COMS\\Software Design\\SD Project\\StaffRelations\\src\\hr_list.js": {"lines":{"total":171,"covered":52,"skipped":0,"pct":30.4},"functions":{"total":12,"covered":10,"skipped":0,"pct":83.33},"statements":{"total":171,"covered":52,"skipped":0,"pct":30.4},"branches":{"total":33,"covered":4,"skipped":0,"pct":12.12}}
,"C:\\Users\\parsl\\OneDrive\\Desktop\\COMS\\Software Design\\SD Project\\StaffRelations\\src\\index.js": {"lines":{"total":41,"covered":41,"skipped":0,"pct":100},"functions":{"total":3,"covered":3,"skipped":0,"pct":100},"statements":{"total":41,"covered":41,"skipped":0,"pct":100},"branches":{"total":16,"covered":16,"skipped":0,"pct":100}}
,"C:\\Users\\parsl\\OneDrive\\Desktop\\COMS\\Software Design\\SD Project\\StaffRelations\\src\\manager_feedback.js": {"lines":{"total":51,"covered":51,"skipped":0,"pct":100},"functions":{"total":12,"covered":12,"skipped":0,"pct":100},"statements":{"total":53,"covered":53,"skipped":0,"pct":100},"branches":{"total":2,"covered":2,"skipped":0,"pct":100}}
,"C:\\Users\\parsl\\OneDrive\\Desktop\\COMS\\Software Design\\SD Project\\StaffRelations\\src\\manager_list.js": {"lines":{"total":40,"covered":23,"skipped":0,"pct":57.5},"functions":{"total":6,"covered":4,"skipped":0,"pct":66.66},"statements":{"total":40,"covered":23,"skipped":0,"pct":57.5},"branches":{"total":4,"covered":2,"skipped":0,"pct":50}}
,"C:\\Users\\parsl\\OneDrive\\Desktop\\COMS\\Software Design\\SD Project\\StaffRelations\\src\\manager_task.js": {"lines":{"total":105,"covered":71,"skipped":0,"pct":67.61},"functions":{"total":11,"covered":9,"skipped":0,"pct":81.81},"statements":{"total":105,"covered":71,"skipped":0,"pct":67.61},"branches":{"total":18,"covered":14,"skipped":0,"pct":77.77}}
,"C:\\Users\\parsl\\OneDrive\\Desktop\\COMS\\Software Design\\SD Project\\StaffRelations\\src\\mealsBooked.js": {"lines":{"total":39,"covered":39,"skipped":0,"pct":100},"functions":{"total":8,"covered":8,"skipped":0,"pct":100},"statements":{"total":40,"covered":40,"skipped":0,"pct":100},"branches":{"total":2,"covered":2,"skipped":0,"pct":100}}
,"C:\\Users\\parsl\\OneDrive\\Desktop\\COMS\\Software Design\\SD Project\\StaffRelations\\src\\staff_order_meal.js": {"lines":{"total":70,"covered":60,"skipped":0,"pct":85.71},"functions":{"total":10,"covered":9,"skipped":0,"pct":90},"statements":{"total":72,"covered":62,"skipped":0,"pct":86.11},"branches":{"total":6,"covered":2,"skipped":0,"pct":33.33}}
,"C:\\Users\\parsl\\OneDrive\\Desktop\\COMS\\Software Design\\SD Project\\StaffRelations\\src\\staff_task.js": {"lines":{"total":123,"covered":107,"skipped":0,"pct":86.99},"functions":{"total":19,"covered":14,"skipped":0,"pct":73.68},"statements":{"total":129,"covered":110,"skipped":0,"pct":85.27},"branches":{"total":24,"covered":16,"skipped":0,"pct":66.66}}
}
