TN:
SF:src\bookCarwash.js
FN:11,getAllCars
FN:23,getCarsByUsername
FN:24,(anonymous_2)
FN:28,getAllCarwashBookings
FN:40,isCarInCarwash
FN:41,(anonymous_5)
FN:45,getCarwashEntryById
FN:46,(anonymous_7)
FN:50,filterCarAndCarwash
FN:53,(anonymous_9)
FN:57,(anonymous_10)
FN:58,(anonymous_11)
FN:65,countCarwashesBySlot
FN:67,(anonymous_13)
FN:73,renderCarsList
FN:85,(anonymous_15)
FN:143,(anonymous_16)
FN:168,addCarwashBooking
FN:186,(anonymous_18)
FNF:19
FNH:18
FNDA:4,getAllCars
FNDA:2,getCarsByUsername
FNDA:14,(anonymous_2)
FNDA:3,getAllCarwashBookings
FNDA:3,isCarInCarwash
FNDA:6,(anonymous_5)
FNDA:2,getCarwashEntryById
FNDA:3,(anonymous_7)
FNDA:1,filterCarAndCarwash
FNDA:3,(anonymous_9)
FNDA:7,(anonymous_10)
FNDA:3,(anonymous_11)
FNDA:3,countCarwashesBySlot
FNDA:9,(anonymous_13)
FNDA:1,renderCarsList
FNDA:1,(anonymous_15)
FNDA:0,(anonymous_16)
FNDA:1,addCarwashBooking
FNDA:2,(anonymous_18)
DA:1,1
DA:2,1
DA:3,1
DA:6,1
DA:7,1
DA:12,4
DA:13,4
DA:14,2
DA:15,2
DA:18,2
DA:24,14
DA:29,3
DA:30,3
DA:31,2
DA:32,2
DA:35,1
DA:41,6
DA:46,3
DA:52,1
DA:53,3
DA:56,1
DA:57,7
DA:58,3
DA:67,9
DA:69,3
DA:75,1
DA:76,1
DA:79,1
DA:80,1
DA:81,1
DA:83,1
DA:85,1
DA:86,1
DA:87,1
DA:89,1
DA:91,1
DA:92,1
DA:99,0
DA:100,0
DA:108,0
DA:109,0
DA:117,0
DA:118,0
DA:127,0
DA:137,1
DA:139,1
DA:143,1
DA:145,0
DA:147,0
DA:148,0
DA:149,0
DA:151,0
DA:153,0
DA:155,0
DA:157,0
DA:158,0
DA:159,0
DA:161,0
DA:163,0
DA:169,1
DA:179,1
DA:181,1
DA:186,1
DA:187,2
DA:188,2
DA:189,1
DA:190,1
DA:191,1
DA:192,1
DA:193,1
DA:194,1
DA:195,1
DA:197,1
DA:201,1
LF:74
LH:55
BRDA:91,0,0,1
BRDA:91,0,1,0
BRDA:99,1,0,0
BRDA:99,1,1,0
BRDA:99,2,0,0
BRDA:99,2,1,0
BRDA:108,3,0,0
BRDA:108,3,1,0
BRDA:117,4,0,0
BRDA:117,4,1,0
BRDA:145,5,0,0
BRDA:145,5,1,0
BRDA:155,6,0,0
BRDA:155,6,1,0
BRF:14
BRH:1
end_of_record
TN:
SF:src\carsBooked.js
FN:5,getAllCars
FN:17,getAllCarwashBookings
FN:29,filterCarAndCarwash
FN:32,(anonymous_3)
FN:36,(anonymous_4)
FN:37,(anonymous_5)
FN:44,renderCarsList
FN:56,(anonymous_7)
FN:75,(anonymous_8)
FN:88,(anonymous_9)
FN:93,(anonymous_10)
FNF:11
FNH:11
FNDA:4,getAllCars
FNDA:4,getAllCarwashBookings
FNDA:2,filterCarAndCarwash
FNDA:6,(anonymous_3)
FNDA:14,(anonymous_4)
FNDA:6,(anonymous_5)
FNDA:1,renderCarsList
FNDA:3,(anonymous_7)
FNDA:2,(anonymous_8)
FNDA:1,(anonymous_9)
FNDA:3,(anonymous_10)
DA:1,1
DA:2,1
DA:6,4
DA:7,4
DA:8,2
DA:9,2
DA:12,2
DA:18,4
DA:19,4
DA:20,3
DA:21,3
DA:24,1
DA:31,2
DA:32,6
DA:35,2
DA:36,14
DA:37,6
DA:46,1
DA:47,1
DA:50,1
DA:51,1
DA:52,1
DA:54,1
DA:56,1
DA:57,3
DA:58,3
DA:60,3
DA:61,3
DA:69,3
DA:71,1
DA:75,1
DA:76,2
DA:77,2
DA:78,1
DA:79,1
DA:80,1
DA:82,1
DA:87,1
DA:88,1
DA:89,1
DA:90,1
DA:92,1
DA:93,1
DA:94,3
DA:98,1
DA:99,3
DA:100,3
DA:104,1
DA:107,1
LF:49
LH:49
BRF:0
BRH:0
end_of_record
TN:
SF:src\feedback.js
FN:2,fetchFeedback
FN:9,fetchAssignment
FN:16,fetchUsers
FN:24,renderFeedback
FN:30,(anonymous_4)
FN:38,(anonymous_5)
FN:56,(anonymous_6)
FN:58,(anonymous_7)
FN:59,(anonymous_8)
FN:60,(anonymous_9)
FN:69,renderTaskDropdown
FN:73,(anonymous_11)
FN:90,getUserFeedback
FN:91,(anonymous_13)
FN:95,listOfHr
FN:112,(anonymous_15)
FN:201,loadStaffForDropDown
FN:205,(anonymous_17)
FN:206,(anonymous_18)
FN:215,loadHRNamesForDropDown
FN:217,(anonymous_20)
FN:219,(anonymous_21)
FN:228,checkIfStaff
FN:239,addCommentToDatabase
FN:255,addRatingCommentToDatabase
FNF:25
FNH:16
FNDA:2,fetchFeedback
FNDA:2,fetchAssignment
FNDA:5,fetchUsers
FNDA:1,renderFeedback
FNDA:6,(anonymous_4)
FNDA:1,(anonymous_5)
FNDA:1,(anonymous_6)
FNDA:4,(anonymous_7)
FNDA:0,(anonymous_8)
FNDA:0,(anonymous_9)
FNDA:1,renderTaskDropdown
FNDA:5,(anonymous_11)
FNDA:1,getUserFeedback
FNDA:6,(anonymous_13)
FNDA:2,listOfHr
FNDA:0,(anonymous_15)
FNDA:0,loadStaffForDropDown
FNDA:0,(anonymous_17)
FNDA:0,(anonymous_18)
FNDA:0,loadHRNamesForDropDown
FNDA:0,(anonymous_20)
FNDA:0,(anonymous_21)
FNDA:2,checkIfStaff
FNDA:1,addCommentToDatabase
FNDA:1,addRatingCommentToDatabase
DA:3,2
DA:4,2
DA:5,2
DA:6,2
DA:10,2
DA:11,2
DA:12,2
DA:13,2
DA:17,5
DA:18,5
DA:19,5
DA:20,5
DA:25,1
DA:26,1
DA:27,1
DA:28,1
DA:30,1
DA:31,6
DA:32,1
DA:33,0
DA:34,0
DA:35,0
DA:38,1
DA:39,1
DA:40,1
DA:41,1
DA:42,1
DA:43,1
DA:44,0
DA:46,1
DA:51,1
DA:56,1
DA:57,1
DA:58,1
DA:59,4
DA:60,0
DA:61,0
DA:62,0
DA:65,1
DA:70,1
DA:71,1
DA:72,1
DA:73,1
DA:74,5
DA:75,2
DA:76,2
DA:77,2
DA:78,2
DA:82,1
DA:83,1
DA:84,1
DA:85,1
DA:87,1
DA:91,6
DA:96,2
DA:97,2
DA:98,2
DA:99,14
DA:100,4
DA:103,2
DA:107,1
DA:108,1
DA:109,1
DA:110,1
DA:112,1
DA:113,0
DA:115,0
DA:116,0
DA:117,0
DA:119,0
DA:120,0
DA:121,0
DA:122,0
DA:124,0
DA:125,0
DA:126,0
DA:127,0
DA:128,0
DA:129,0
DA:131,0
DA:132,0
DA:134,0
DA:135,0
DA:136,0
DA:137,0
DA:139,0
DA:140,0
DA:142,0
DA:143,0
DA:145,0
DA:146,0
DA:147,0
DA:148,0
DA:150,0
DA:151,0
DA:152,0
DA:153,0
DA:154,0
DA:156,0
DA:157,0
DA:158,0
DA:159,0
DA:160,0
DA:163,0
DA:164,0
DA:166,0
DA:167,0
DA:168,0
DA:169,0
DA:170,0
DA:171,0
DA:172,0
DA:173,0
DA:174,0
DA:175,0
DA:176,0
DA:177,0
DA:179,0
DA:181,0
DA:182,0
DA:183,0
DA:184,0
DA:185,0
DA:186,0
DA:187,0
DA:188,0
DA:189,0
DA:191,0
DA:192,0
DA:193,0
DA:194,0
DA:195,0
DA:202,0
DA:203,0
DA:204,0
DA:205,0
DA:206,0
DA:207,0
DA:208,0
DA:209,0
DA:210,0
DA:216,0
DA:217,0
DA:218,0
DA:219,0
DA:220,0
DA:221,0
DA:222,0
DA:223,0
DA:229,2
DA:230,2
DA:231,13
DA:232,1
DA:235,1
DA:240,1
DA:246,1
DA:247,1
DA:253,1
DA:256,1
DA:265,1
DA:266,1
DA:272,1
DA:276,1
LF:163
LH:72
BRDA:31,0,0,5
BRDA:31,0,1,1
BRDA:32,1,0,1
BRDA:32,1,1,0
BRDA:33,2,0,0
BRDA:33,2,1,0
BRDA:34,3,0,0
BRDA:34,3,1,0
BRDA:35,4,0,0
BRDA:35,4,1,0
BRDA:43,5,0,0
BRDA:43,5,1,1
BRDA:74,6,0,2
BRDA:74,6,1,3
BRDA:99,7,0,4
BRDA:99,7,1,10
BRDA:115,8,0,0
BRDA:115,8,1,0
BRDA:139,9,0,0
BRDA:139,9,1,0
BRDA:145,10,0,0
BRDA:145,10,1,0
BRDA:167,11,0,0
BRDA:167,11,1,0
BRDA:179,12,0,0
BRDA:179,12,1,0
BRDA:181,13,0,0
BRDA:181,13,1,0
BRDA:205,14,0,0
BRDA:205,14,1,0
BRDA:231,15,0,1
BRDA:231,15,1,12
BRDA:231,16,0,13
BRDA:231,16,1,2
BRF:34
BRH:12
end_of_record
TN:
SF:src\graph_analysis.js
FN:1,(anonymous_0)
FN:4,(anonymous_1)
FN:8,(anonymous_2)
FN:21,getTasksFromDatabase
FN:28,populateTaskDropdown
FN:31,(anonymous_5)
FN:36,(anonymous_6)
FN:38,(anonymous_7)
FN:46,aggregateTaskTimes
FN:49,(anonymous_9)
FN:58,(anonymous_10)
FN:65,renderTaskGraph
FN:66,(anonymous_12)
FN:67,(anonymous_13)
FN:114,getFeedbackFromDatabase
FN:121,populateFeedbackDropdown
FN:127,(anonymous_16)
FN:128,(anonymous_17)
FN:133,(anonymous_18)
FN:138,(anonymous_19)
FN:140,(anonymous_20)
FN:149,aggregateFeedbackRatings
FN:152,(anonymous_22)
FN:163,(anonymous_23)
FN:165,(anonymous_24)
FN:170,renderFeedbackGraph
FN:171,(anonymous_26)
FN:172,(anonymous_27)
FNF:28
FNH:24
FNDA:2,(anonymous_0)
FNDA:2,(anonymous_1)
FNDA:18,(anonymous_2)
FNDA:3,getTasksFromDatabase
FNDA:1,populateTaskDropdown
FNDA:2,(anonymous_5)
FNDA:0,(anonymous_6)
FNDA:0,(anonymous_7)
FNDA:1,aggregateTaskTimes
FNDA:5,(anonymous_9)
FNDA:3,(anonymous_10)
FNDA:1,renderTaskGraph
FNDA:2,(anonymous_12)
FNDA:2,(anonymous_13)
FNDA:2,getFeedbackFromDatabase
FNDA:1,populateFeedbackDropdown
FNDA:18,(anonymous_16)
FNDA:17,(anonymous_17)
FNDA:5,(anonymous_18)
FNDA:0,(anonymous_19)
FNDA:0,(anonymous_20)
FNDA:1,aggregateFeedbackRatings
FNDA:18,(anonymous_22)
FNDA:6,(anonymous_23)
FNDA:14,(anonymous_24)
FNDA:1,renderFeedbackGraph
FNDA:18,(anonymous_26)
FNDA:18,(anonymous_27)
DA:1,1
DA:2,2
DA:3,2
DA:4,2
DA:5,1
DA:7,1
DA:8,18
DA:9,1
DA:11,1
DA:12,1
DA:22,3
DA:23,2
DA:24,2
DA:29,1
DA:30,1
DA:31,1
DA:32,2
DA:36,1
DA:37,0
DA:38,0
DA:39,0
DA:40,0
DA:47,1
DA:49,1
DA:50,5
DA:51,5
DA:52,2
DA:54,3
DA:58,3
DA:66,2
DA:67,2
DA:69,1
DA:72,1
DA:73,0
DA:76,1
DA:115,2
DA:116,2
DA:117,2
DA:122,1
DA:123,1
DA:126,1
DA:127,18
DA:128,17
DA:131,1
DA:133,1
DA:134,5
DA:138,1
DA:139,0
DA:140,0
DA:141,0
DA:142,0
DA:150,1
DA:152,1
DA:154,18
DA:155,14
DA:156,8
DA:158,6
DA:163,6
DA:165,14
DA:171,18
DA:172,18
DA:175,1
DA:178,1
DA:180,0
DA:184,1
DA:185,1
DA:220,1
LF:67
LH:57
BRDA:50,0,0,5
BRDA:50,0,1,0
BRDA:50,1,0,5
BRDA:50,1,1,5
BRDA:51,2,0,2
BRDA:51,2,1,3
BRDA:72,3,0,0
BRDA:72,3,1,1
BRDA:154,4,0,14
BRDA:154,4,1,4
BRDA:154,5,0,18
BRDA:154,5,1,18
BRDA:154,5,2,18
BRDA:155,6,0,8
BRDA:155,6,1,6
BRDA:178,7,0,0
BRDA:178,7,1,1
BRF:17
BRH:14
end_of_record
TN:
SF:src\hr_create_meal.js
FN:4,(anonymous_0)
FN:49,getAllMeals
FN:56,renderMeals
FN:69,(anonymous_3)
FN:105,handleDOMContentLoaded
FN:117,(anonymous_5)
FN:146,fetchMealOrders
FNF:7
FNH:7
FNDA:3,(anonymous_0)
FNDA:5,getAllMeals
FNDA:3,renderMeals
FNDA:6,(anonymous_3)
FNDA:2,handleDOMContentLoaded
FNDA:1,(anonymous_5)
FNDA:2,fetchMealOrders
DA:1,1
DA:4,1
DA:5,3
DA:7,3
DA:8,3
DA:9,3
DA:11,3
DA:12,1
DA:13,1
DA:16,2
DA:17,2
DA:24,2
DA:32,2
DA:33,1
DA:35,1
DA:37,1
DA:38,1
DA:40,1
DA:44,1
DA:50,5
DA:51,5
DA:52,5
DA:57,3
DA:58,3
DA:61,3
DA:62,3
DA:63,3
DA:66,3
DA:67,3
DA:69,3
DA:71,6
DA:72,6
DA:75,6
DA:76,6
DA:78,6
DA:79,6
DA:81,6
DA:82,6
DA:84,6
DA:85,6
DA:86,6
DA:87,6
DA:90,6
DA:91,6
DA:92,6
DA:93,6
DA:96,6
DA:100,2
DA:106,2
DA:107,2
DA:108,2
DA:110,1
DA:113,1
DA:116,1
DA:117,1
DA:118,1
DA:119,1
DA:121,1
DA:122,1
DA:123,3
DA:125,1
DA:126,3
DA:127,3
DA:132,1
DA:133,1
DA:134,3
DA:136,1
DA:137,3
DA:138,3
DA:143,1
DA:147,2
DA:148,2
DA:149,2
DA:150,2
DA:156,1
LF:75
LH:75
BRDA:11,0,0,1
BRDA:11,0,1,2
BRDA:11,1,0,3
BRDA:11,1,1,2
BRDA:11,1,2,2
BRDA:32,2,0,1
BRDA:32,2,1,1
BRF:7
BRH:7
end_of_record
TN:
SF:src\hr_feedback.js
FN:2,fetchFeedback
FN:8,fetchAssignment
FN:14,fetchUsers
FN:20,fetchTasks
FN:28,renderFeedback
FN:37,(anonymous_5)
FN:56,getManagerWhoAssignedTask
FN:66,getUserFeedback
FN:77,loadAllStaffDropDown
FN:80,(anonymous_9)
FN:91,loadAllStaffManagerDropDown
FN:94,(anonymous_11)
FN:108,(anonymous_12)
FN:119,addCommentToDatabase
FN:137,getExcelFeedback
FN:140,(anonymous_15)
FN:157,(anonymous_16)
FN:162,(anonymous_17)
FN:184,(anonymous_18)
FN:189,(anonymous_19)
FN:190,(anonymous_20)
FN:199,(anonymous_21)
FN:208,(anonymous_22)
FN:216,(anonymous_23)
FN:217,(anonymous_24)
FN:225,(anonymous_25)
FN:234,(anonymous_26)
FN:236,(anonymous_27)
FN:260,fetchDateTimeLog
FN:267,loadJustStaffDropDown
FN:271,(anonymous_30)
FN:272,(anonymous_31)
FN:280,(anonymous_32)
FN:295,(anonymous_33)
FN:298,(anonymous_34)
FN:318,(anonymous_35)
FNF:36
FNH:18
FNDA:3,fetchFeedback
FNDA:1,fetchAssignment
FNDA:4,fetchUsers
FNDA:2,fetchTasks
FNDA:1,renderFeedback
FNDA:0,(anonymous_5)
FNDA:1,getManagerWhoAssignedTask
FNDA:2,getUserFeedback
FNDA:1,loadAllStaffDropDown
FNDA:3,(anonymous_9)
FNDA:1,loadAllStaffManagerDropDown
FNDA:7,(anonymous_11)
FNDA:1,(anonymous_12)
FNDA:2,addCommentToDatabase
FNDA:1,getExcelFeedback
FNDA:6,(anonymous_15)
FNDA:0,(anonymous_16)
FNDA:0,(anonymous_17)
FNDA:0,(anonymous_18)
FNDA:0,(anonymous_19)
FNDA:0,(anonymous_20)
FNDA:0,(anonymous_21)
FNDA:0,(anonymous_22)
FNDA:0,(anonymous_23)
FNDA:0,(anonymous_24)
FNDA:0,(anonymous_25)
FNDA:0,(anonymous_26)
FNDA:0,(anonymous_27)
FNDA:0,fetchDateTimeLog
FNDA:1,loadJustStaffDropDown
FNDA:7,(anonymous_30)
FNDA:3,(anonymous_31)
FNDA:0,(anonymous_32)
FNDA:0,(anonymous_33)
FNDA:0,(anonymous_34)
FNDA:0,(anonymous_35)
DA:3,3
DA:4,3
DA:5,3
DA:6,3
DA:9,1
DA:10,1
DA:11,1
DA:12,1
DA:15,4
DA:16,4
DA:17,4
DA:18,4
DA:21,2
DA:23,2
DA:24,2
DA:25,2
DA:29,1
DA:30,1
DA:31,1
DA:32,1
DA:35,1
DA:36,1
DA:37,1
DA:38,0
DA:39,0
DA:40,0
DA:42,0
DA:43,0
DA:44,0
DA:50,0
DA:54,1
DA:57,1
DA:58,1
DA:59,3
DA:60,1
DA:63,1
DA:67,2
DA:68,2
DA:69,12
DA:70,3
DA:73,2
DA:78,1
DA:79,1
DA:80,1
DA:81,3
DA:82,0
DA:83,0
DA:84,0
DA:85,0
DA:89,1
DA:92,1
DA:93,1
DA:94,1
DA:95,7
DA:96,3
DA:97,3
DA:98,3
DA:99,3
DA:103,1
DA:108,1
DA:109,1
DA:111,1
DA:112,1
DA:113,1
DA:114,1
DA:115,1
DA:120,2
DA:126,2
DA:127,2
DA:133,2
DA:138,1
DA:139,1
DA:140,6
DA:142,1
DA:143,1
DA:144,1
DA:145,3
DA:152,3
DA:154,1
DA:157,1
DA:158,0
DA:160,0
DA:162,0
DA:171,0
DA:172,0
DA:175,0
DA:184,0
DA:185,0
DA:189,0
DA:190,0
DA:191,0
DA:192,0
DA:196,0
DA:197,0
DA:199,0
DA:200,0
DA:204,0
DA:205,0
DA:208,0
DA:209,0
DA:210,0
DA:212,0
DA:213,0
DA:216,0
DA:217,0
DA:218,0
DA:222,0
DA:223,0
DA:225,0
DA:226,0
DA:227,0
DA:228,0
DA:230,0
DA:231,0
DA:234,0
DA:235,0
DA:236,0
DA:237,0
DA:241,0
DA:244,0
DA:245,0
DA:248,0
DA:249,0
DA:250,0
DA:251,0
DA:252,0
DA:255,0
DA:256,0
DA:261,0
DA:262,0
DA:263,0
DA:264,0
DA:268,1
DA:269,1
DA:271,7
DA:272,1
DA:273,3
DA:274,3
DA:275,3
DA:276,3
DA:279,1
DA:280,1
DA:281,0
DA:283,0
DA:284,0
DA:286,0
DA:287,0
DA:290,0
DA:293,0
DA:295,0
DA:297,0
DA:298,0
DA:299,0
DA:300,0
DA:301,0
DA:303,0
DA:306,0
DA:308,0
DA:309,0
DA:311,0
DA:318,0
DA:319,0
DA:322,0
DA:324,0
DA:325,0
DA:327,0
DA:328,0
DA:329,0
DA:330,0
DA:331,0
DA:333,0
DA:334,0
DA:337,1
LF:173
LH:80
BRDA:39,0,0,0
BRDA:39,0,1,0
BRDA:59,1,0,1
BRDA:59,1,1,2
BRDA:69,2,0,3
BRDA:69,2,1,9
BRDA:81,3,0,0
BRDA:81,3,1,3
BRDA:95,4,0,3
BRDA:95,4,1,4
BRDA:140,5,0,6
BRDA:140,5,1,6
BRDA:140,5,2,6
BRDA:140,5,3,5
BRDA:191,6,0,0
BRDA:191,6,1,0
BRDA:209,7,0,0
BRDA:209,7,1,0
BRDA:227,8,0,0
BRDA:227,8,1,0
BRDA:284,9,0,0
BRDA:284,9,1,0
BRDA:300,10,0,0
BRDA:300,10,1,0
BRF:24
BRH:11
end_of_record
TN:
SF:src\hr_list.js
FN:28,(anonymous_0)
FN:60,(anonymous_1)
FN:91,loadAlltoCarsDropDown
FN:95,(anonymous_3)
FN:96,(anonymous_4)
FN:98,(anonymous_5)
FN:101,(anonymous_6)
FN:111,(anonymous_7)
FN:387,renderStaffList
FN:390,(anonymous_9)
FN:405,getStaffManager
FN:411,(anonymous_11)
FN:419,fetchFeedback
FN:425,fetchAssignment
FN:431,fetchUsers
FN:437,fetchTasks
FN:443,fetchTime
FN:449,fetchMealOredrs
FN:455,fetchStaffCars
FN:461,fetchDateTimeLog
FNF:20
FNH:19
FNDA:1,(anonymous_0)
FNDA:1,(anonymous_1)
FNDA:1,loadAlltoCarsDropDown
FNDA:7,(anonymous_3)
FNDA:7,(anonymous_4)
FNDA:7,(anonymous_5)
FNDA:0,(anonymous_6)
FNDA:2,(anonymous_7)
FNDA:1,renderStaffList
FNDA:5,(anonymous_9)
FNDA:2,getStaffManager
FNDA:14,(anonymous_11)
FNDA:3,fetchFeedback
FNDA:3,fetchAssignment
FNDA:2,fetchUsers
FNDA:4,fetchTasks
FNDA:3,fetchTime
FNDA:3,fetchMealOredrs
FNDA:5,fetchStaffCars
FNDA:3,fetchDateTimeLog
DA:1,1
DA:24,1
DA:25,1
DA:26,1
DA:27,1
DA:28,1
DA:29,1
DA:30,1
DA:31,1
DA:32,1
DA:33,1
DA:34,1
DA:36,1
DA:44,1
DA:52,1
DA:53,1
DA:54,1
DA:56,0
DA:60,1
DA:61,1
DA:62,1
DA:63,1
DA:64,1
DA:65,1
DA:67,1
DA:74,1
DA:82,1
DA:83,1
DA:84,1
DA:86,0
DA:92,1
DA:93,1
DA:95,7
DA:96,7
DA:98,7
DA:100,1
DA:101,1
DA:102,0
DA:103,0
DA:104,0
DA:105,0
DA:108,1
DA:111,1
DA:112,2
DA:114,2
DA:117,2
DA:119,1
DA:120,1
DA:121,1
DA:122,2
DA:123,2
DA:127,1
DA:128,1
DA:129,1
DA:130,3
DA:131,3
DA:136,1
DA:137,1
DA:138,1
DA:139,5
DA:140,0
DA:145,1
DA:146,1
DA:147,1
DA:148,2
DA:149,2
DA:154,1
DA:155,1
DA:156,1
DA:157,6
DA:158,4
DA:163,1
DA:164,1
DA:165,1
DA:166,3
DA:167,0
DA:172,1
DA:173,1
DA:174,1
DA:175,7
DA:176,1
DA:181,1
DA:182,1
DA:183,1
DA:184,3
DA:185,0
DA:192,1
DA:193,3
DA:194,3
DA:199,1
DA:200,0
DA:201,0
DA:206,1
DA:207,2
DA:208,2
DA:213,1
DA:214,4
DA:215,4
DA:220,1
DA:221,1
DA:225,1
DA:226,0
DA:227,0
DA:232,1
DA:233,1
DA:234,1
DA:239,1
DA:240,1
DA:241,1
DA:246,1
DA:247,0
DA:248,0
DA:256,1
DA:257,1
DA:258,1
DA:259,3
DA:260,1
DA:265,1
DA:266,1
DA:267,1
DA:268,5
DA:269,2
DA:274,1
DA:275,1
DA:276,1
DA:277,2
DA:278,0
DA:283,1
DA:284,1
DA:285,1
DA:286,6
DA:287,5
DA:292,1
DA:293,1
DA:294,1
DA:295,3
DA:296,1
DA:301,1
DA:302,1
DA:303,1
DA:304,7
DA:305,1
DA:310,1
DA:311,1
DA:312,1
DA:313,3
DA:314,1
DA:321,1
DA:322,1
DA:323,1
DA:328,1
DA:329,2
DA:330,2
DA:335,1
DA:336,0
DA:337,0
DA:342,1
DA:343,5
DA:344,5
DA:349,1
DA:350,1
DA:354,1
DA:355,1
DA:356,1
DA:361,1
DA:362,1
DA:363,1
DA:368,1
DA:369,1
DA:370,1
DA:375,1
DA:376,1
DA:377,1
DA:382,2
DA:386,1
DA:388,1
DA:389,1
DA:390,1
DA:391,5
DA:392,5
DA:393,5
DA:394,5
DA:395,5
DA:401,5
DA:406,2
DA:407,2
DA:408,2
DA:409,2
DA:410,2
DA:411,2
DA:412,14
DA:413,10
DA:416,2
DA:420,3
DA:421,3
DA:422,3
DA:423,3
DA:426,3
DA:427,3
DA:428,3
DA:429,3
DA:432,2
DA:433,2
DA:434,2
DA:435,2
DA:438,4
DA:439,4
DA:440,4
DA:441,4
DA:444,3
DA:445,3
DA:446,3
DA:447,3
DA:450,3
DA:451,3
DA:452,3
DA:453,3
DA:456,5
DA:457,5
DA:458,5
DA:459,5
DA:462,3
DA:463,3
DA:464,3
DA:465,3
DA:470,1
LF:226
LH:208
BRDA:52,0,0,1
BRDA:52,0,1,0
BRDA:82,1,0,1
BRDA:82,1,1,0
BRDA:117,2,0,1
BRDA:117,2,1,1
BRDA:122,3,0,2
BRDA:122,3,1,0
BRDA:130,4,0,3
BRDA:130,4,1,0
BRDA:139,5,0,0
BRDA:139,5,1,5
BRDA:148,6,0,2
BRDA:148,6,1,0
BRDA:157,7,0,4
BRDA:157,7,1,2
BRDA:157,8,0,6
BRDA:157,8,1,2
BRDA:157,8,2,2
BRDA:166,9,0,0
BRDA:166,9,1,3
BRDA:175,10,0,1
BRDA:175,10,1,6
BRDA:184,11,0,0
BRDA:184,11,1,3
BRDA:259,12,0,1
BRDA:259,12,1,2
BRDA:268,13,0,2
BRDA:268,13,1,3
BRDA:277,14,0,0
BRDA:277,14,1,2
BRDA:286,15,0,5
BRDA:286,15,1,1
BRDA:286,16,0,6
BRDA:286,16,1,4
BRDA:295,17,0,1
BRDA:295,17,1,2
BRDA:304,18,0,1
BRDA:304,18,1,6
BRDA:313,19,0,1
BRDA:313,19,1,2
BRDA:412,20,0,10
BRDA:412,20,1,4
BRDA:412,21,0,14
BRDA:412,21,1,8
BRF:45
BRH:36
end_of_record
TN:
SF:src\index.js
FN:5,login
FN:52,checkLogin
FN:71,getUserInfo
FNF:3
FNH:3
FNDA:8,login
FNDA:9,checkLogin
FNDA:4,getUserInfo
DA:1,1
DA:2,1
DA:3,1
DA:7,8
DA:8,8
DA:9,8
DA:11,8
DA:12,5
DA:14,5
DA:15,1
DA:17,4
DA:18,1
DA:21,3
DA:22,3
DA:23,3
DA:27,3
DA:28,3
DA:29,3
DA:30,3
DA:31,3
DA:32,1
DA:35,2
DA:36,1
DA:40,1
DA:47,3
DA:53,9
DA:54,9
DA:55,9
DA:56,9
DA:57,9
DA:58,39
DA:59,6
DA:60,4
DA:63,2
DA:68,3
DA:72,4
DA:73,4
DA:74,4
DA:75,4
DA:76,4
DA:80,1
LF:41
LH:41
BRDA:11,0,0,5
BRDA:11,0,1,3
BRDA:11,1,0,8
BRDA:11,1,1,6
BRDA:14,2,0,1
BRDA:14,2,1,4
BRDA:17,3,0,1
BRDA:17,3,1,3
BRDA:31,4,0,1
BRDA:31,4,1,2
BRDA:35,5,0,1
BRDA:35,5,1,1
BRDA:58,6,0,6
BRDA:58,6,1,33
BRDA:59,7,0,4
BRDA:59,7,1,2
BRF:16
BRH:16
end_of_record
TN:
SF:src\manager_feedback.js
FN:2,fetchFeedback
FN:9,fetchUsers
FN:16,renderFeedback2
FN:23,(anonymous_3)
FN:37,getUserFeedback
FN:48,loadAllStaffDropDown
FN:53,(anonymous_6)
FN:54,(anonymous_7)
FN:62,(anonymous_8)
FN:63,(anonymous_9)
FN:72,loadJustStaffDropDown
FN:77,(anonymous_11)
FN:78,(anonymous_12)
FN:88,(anonymous_13)
FN:112,addCommentToDatabase
FN:131,getStaffRole
FN:141,getExcelFeedback
FN:144,(anonymous_17)
FN:161,(anonymous_18)
FN:166,(anonymous_19)
FN:188,(anonymous_20)
FN:193,(anonymous_21)
FN:194,(anonymous_22)
FN:203,(anonymous_23)
FN:212,(anonymous_24)
FN:220,(anonymous_25)
FN:221,(anonymous_26)
FN:229,(anonymous_27)
FN:238,(anonymous_28)
FN:240,(anonymous_29)
FNF:30
FNH:18
FNDA:3,fetchFeedback
FNDA:5,fetchUsers
FNDA:1,renderFeedback2
FNDA:1,(anonymous_3)
FNDA:2,getUserFeedback
FNDA:1,loadAllStaffDropDown
FNDA:7,(anonymous_6)
FNDA:2,(anonymous_7)
FNDA:7,(anonymous_8)
FNDA:3,(anonymous_9)
FNDA:1,loadJustStaffDropDown
FNDA:7,(anonymous_11)
FNDA:3,(anonymous_12)
FNDA:1,(anonymous_13)
FNDA:2,addCommentToDatabase
FNDA:2,getStaffRole
FNDA:1,getExcelFeedback
FNDA:6,(anonymous_17)
FNDA:0,(anonymous_18)
FNDA:0,(anonymous_19)
FNDA:0,(anonymous_20)
FNDA:0,(anonymous_21)
FNDA:0,(anonymous_22)
FNDA:0,(anonymous_23)
FNDA:0,(anonymous_24)
FNDA:0,(anonymous_25)
FNDA:0,(anonymous_26)
FNDA:0,(anonymous_27)
FNDA:0,(anonymous_28)
FNDA:0,(anonymous_29)
DA:3,3
DA:4,3
DA:5,3
DA:6,3
DA:10,5
DA:11,5
DA:12,5
DA:13,5
DA:17,1
DA:18,1
DA:19,1
DA:21,1
DA:22,1
DA:23,1
DA:24,1
DA:25,1
DA:26,1
DA:31,1
DA:34,1
DA:38,2
DA:39,2
DA:40,12
DA:41,2
DA:44,2
DA:49,1
DA:50,1
DA:53,7
DA:54,1
DA:55,2
DA:56,2
DA:57,2
DA:58,2
DA:62,7
DA:63,1
DA:64,3
DA:65,3
DA:66,3
DA:67,3
DA:70,1
DA:73,1
DA:74,1
DA:77,7
DA:78,1
DA:79,3
DA:80,3
DA:81,3
DA:82,3
DA:85,1
DA:88,1
DA:89,1
DA:90,1
DA:91,1
DA:92,1
DA:93,1
DA:94,1
DA:95,1
DA:96,1
DA:97,1
DA:113,2
DA:122,2
DA:123,2
DA:129,2
DA:132,2
DA:133,2
DA:134,12
DA:135,2
DA:142,1
DA:143,1
DA:144,6
DA:146,1
DA:147,1
DA:148,1
DA:149,3
DA:156,3
DA:158,1
DA:161,1
DA:162,0
DA:164,0
DA:166,0
DA:175,0
DA:176,0
DA:179,0
DA:188,0
DA:189,0
DA:193,0
DA:194,0
DA:195,0
DA:196,0
DA:200,0
DA:201,0
DA:203,0
DA:204,0
DA:208,0
DA:209,0
DA:212,0
DA:213,0
DA:214,0
DA:216,0
DA:217,0
DA:220,0
DA:221,0
DA:222,0
DA:226,0
DA:227,0
DA:229,0
DA:230,0
DA:231,0
DA:232,0
DA:234,0
DA:235,0
DA:238,0
DA:239,0
DA:240,0
DA:241,0
DA:245,0
DA:248,0
DA:249,0
DA:252,0
DA:253,0
DA:254,0
DA:255,0
DA:256,0
DA:259,0
DA:260,0
DA:265,1
LF:125
LH:77
BRDA:40,0,0,2
BRDA:40,0,1,10
BRDA:134,1,0,2
BRDA:134,1,1,10
BRDA:144,2,0,6
BRDA:144,2,1,6
BRDA:144,2,2,6
BRDA:144,2,3,5
BRDA:144,2,4,5
BRDA:195,3,0,0
BRDA:195,3,1,0
BRDA:213,4,0,0
BRDA:213,4,1,0
BRDA:231,5,0,0
BRDA:231,5,1,0
BRF:15
BRH:9
end_of_record
TN:
SF:src\manager_list.js
FN:27,renderStaffList
FN:30,(anonymous_1)
FN:41,getStaff
FN:47,(anonymous_3)
FNF:4
FNH:4
FNDA:1,renderStaffList
FNDA:3,(anonymous_1)
FNDA:2,getStaff
FNDA:10,(anonymous_3)
DA:1,1
DA:3,1
DA:24,1
DA:25,1
DA:28,1
DA:29,1
DA:30,1
DA:31,3
DA:32,3
DA:33,3
DA:37,3
DA:42,2
DA:43,2
DA:44,2
DA:45,2
DA:46,2
DA:47,2
DA:48,10
DA:49,6
DA:52,2
DA:56,1
LF:21
LH:21
BRDA:48,0,0,6
BRDA:48,0,1,4
BRF:2
BRH:2
end_of_record
TN:
SF:src\manager_task.js
FN:1,(anonymous_0)
FN:39,renderTasks
FN:48,(anonymous_2)
FN:67,(anonymous_3)
FN:81,(anonymous_4)
FN:114,getTasks
FN:129,taskNameValid
FN:139,getStaff
FN:149,getManagersTasks
FN:159,existsAssignment
FN:168,(anonymous_10)
FN:214,fetchUsers
FN:221,fetchDateTimeLog
FN:228,loadJustStaffDropDown
FN:232,(anonymous_14)
FN:233,(anonymous_15)
FN:241,(anonymous_16)
FN:256,(anonymous_17)
FN:259,(anonymous_18)
FN:279,(anonymous_19)
FNF:20
FNH:15
FNDA:2,(anonymous_0)
FNDA:1,renderTasks
FNDA:4,(anonymous_2)
FNDA:4,(anonymous_3)
FNDA:0,(anonymous_4)
FNDA:2,getTasks
FNDA:4,taskNameValid
FNDA:2,getStaff
FNDA:3,getManagersTasks
FNDA:4,existsAssignment
FNDA:2,(anonymous_10)
FNDA:1,fetchUsers
FNDA:1,fetchDateTimeLog
FNDA:1,loadJustStaffDropDown
FNDA:5,(anonymous_14)
FNDA:3,(anonymous_15)
FNDA:0,(anonymous_16)
FNDA:0,(anonymous_17)
FNDA:0,(anonymous_18)
FNDA:0,(anonymous_19)
DA:1,1
DA:2,2
DA:3,2
DA:4,2
DA:5,2
DA:6,2
DA:7,2
DA:8,2
DA:9,2
DA:10,2
DA:11,2
DA:12,2
DA:14,1
DA:20,1
DA:22,1
DA:27,1
DA:31,1
DA:37,1
DA:40,1
DA:41,1
DA:42,1
DA:43,1
DA:45,1
DA:48,1
DA:49,4
DA:50,4
DA:51,4
DA:60,4
DA:65,1
DA:66,1
DA:67,1
DA:68,4
DA:69,4
DA:70,4
DA:71,4
DA:75,1
DA:76,1
DA:77,1
DA:78,1
DA:79,1
DA:80,1
DA:81,1
DA:82,0
DA:83,0
DA:84,0
DA:85,0
DA:89,1
DA:90,1
DA:91,1
DA:92,1
DA:94,1
DA:95,5
DA:96,0
DA:97,0
DA:98,0
DA:102,0
DA:103,0
DA:104,0
DA:105,0
DA:106,0
DA:107,0
DA:115,2
DA:116,2
DA:117,10
DA:118,8
DA:121,2
DA:124,1
DA:130,4
DA:131,12
DA:132,2
DA:135,2
DA:140,2
DA:141,2
DA:142,8
DA:143,3
DA:146,2
DA:150,3
DA:151,3
DA:152,14
DA:153,9
DA:156,3
DA:160,4
DA:161,22
DA:162,2
DA:165,2
DA:168,1
DA:169,2
DA:170,2
DA:171,2
DA:173,2
DA:174,2
DA:175,2
DA:176,2
DA:178,2
DA:180,2
DA:181,1
DA:186,1
DA:187,1
DA:193,1
DA:198,1
DA:199,1
DA:204,1
DA:207,1
DA:215,1
DA:216,1
DA:217,1
DA:218,1
DA:222,1
DA:223,1
DA:224,1
DA:225,1
DA:229,1
DA:230,1
DA:232,5
DA:233,1
DA:234,3
DA:235,3
DA:236,3
DA:237,3
DA:240,1
DA:241,1
DA:242,0
DA:244,0
DA:245,0
DA:247,0
DA:248,0
DA:251,0
DA:254,0
DA:256,0
DA:258,0
DA:259,0
DA:260,0
DA:261,0
DA:262,0
DA:264,0
DA:267,0
DA:269,0
DA:270,0
DA:272,0
DA:279,0
DA:280,0
DA:283,0
DA:285,0
DA:286,0
DA:288,0
DA:289,0
DA:290,0
DA:291,0
DA:292,0
DA:294,0
DA:295,0
DA:299,1
LF:152
LH:109
BRDA:12,0,0,1
BRDA:12,0,1,1
BRDA:95,1,0,0
BRDA:95,1,1,5
BRDA:117,2,0,8
BRDA:117,2,1,2
BRDA:131,3,0,2
BRDA:131,3,1,10
BRDA:142,4,0,3
BRDA:142,4,1,5
BRDA:152,5,0,9
BRDA:152,5,1,5
BRDA:161,6,0,2
BRDA:161,6,1,20
BRDA:161,7,0,22
BRDA:161,7,1,6
BRDA:180,8,0,1
BRDA:180,8,1,1
BRDA:245,9,0,0
BRDA:245,9,1,0
BRDA:261,10,0,0
BRDA:261,10,1,0
BRF:22
BRH:17
end_of_record
TN:
SF:src\mealsBooked.js
FN:5,getAllMeals
FN:17,getAllMealOrders
FN:29,filterMealOrders
FN:32,(anonymous_3)
FN:33,(anonymous_4)
FN:46,renderMealList
FN:58,(anonymous_6)
FN:77,(anonymous_7)
FNF:8
FNH:8
FNDA:4,getAllMeals
FNDA:4,getAllMealOrders
FNDA:2,filterMealOrders
FNDA:6,(anonymous_3)
FNDA:14,(anonymous_4)
FNDA:2,renderMealList
FNDA:2,(anonymous_6)
FNDA:2,(anonymous_7)
DA:1,1
DA:2,1
DA:6,4
DA:7,4
DA:8,3
DA:9,3
DA:12,1
DA:18,4
DA:19,4
DA:20,3
DA:21,2
DA:24,2
DA:30,2
DA:32,2
DA:33,14
DA:34,6
DA:35,2
DA:43,2
DA:48,2
DA:49,2
DA:52,2
DA:53,2
DA:54,2
DA:56,2
DA:58,2
DA:59,2
DA:60,2
DA:62,2
DA:63,2
DA:71,2
DA:73,2
DA:77,1
DA:78,2
DA:79,2
DA:80,2
DA:81,1
DA:82,1
DA:85,1
DA:89,1
LF:39
LH:39
BRDA:34,0,0,2
BRDA:34,0,1,4
BRF:2
BRH:2
end_of_record
TN:
SF:src\staff_order_meal.js
FN:4,getAllMeals
FN:12,renderMeals
FN:31,(anonymous_2)
FN:32,(anonymous_3)
FN:90,(anonymous_4)
FN:101,(anonymous_5)
FN:122,placeOrder
FN:139,getOrderedMeals
FN:146,filterOrderedMealsByUsername
FN:147,(anonymous_9)
FNF:10
FNH:10
FNDA:5,getAllMeals
FNDA:4,renderMeals
FNDA:12,(anonymous_2)
FNDA:10,(anonymous_3)
FNDA:2,(anonymous_4)
FNDA:2,(anonymous_5)
FNDA:3,placeOrder
FNDA:5,getOrderedMeals
FNDA:5,filterOrderedMealsByUsername
FNDA:15,(anonymous_9)
DA:1,1
DA:5,5
DA:6,5
DA:7,4
DA:13,4
DA:14,4
DA:17,4
DA:18,4
DA:19,4
DA:22,4
DA:23,4
DA:26,4
DA:27,4
DA:28,4
DA:31,4
DA:32,12
DA:35,12
DA:36,12
DA:39,12
DA:40,12
DA:42,12
DA:43,12
DA:45,12
DA:46,12
DA:48,12
DA:49,12
DA:50,12
DA:51,12
DA:54,12
DA:55,12
DA:56,12
DA:57,12
DA:59,12
DA:60,12
DA:61,12
DA:64,12
DA:65,2
DA:66,2
DA:67,2
DA:68,2
DA:71,10
DA:72,10
DA:73,10
DA:76,10
DA:78,10
DA:82,12
DA:86,4
DA:90,1
DA:91,2
DA:92,2
DA:93,1
DA:96,1
DA:101,1
DA:102,2
DA:104,2
DA:105,2
DA:109,2
DA:110,2
DA:111,1
DA:113,1
DA:116,2
DA:117,2
DA:123,3
DA:133,2
DA:134,2
DA:140,5
DA:141,5
DA:142,5
DA:147,15
DA:151,1
LF:70
LH:70
BRDA:64,0,0,2
BRDA:64,0,1,10
BRDA:102,1,0,2
BRDA:102,1,1,0
BRDA:102,2,0,2
BRDA:102,2,1,2
BRF:6
BRH:5
end_of_record
TN:
SF:src\staff_task.js
FN:7,fetchAssignments
FN:15,logTimeInDateTimeLog
FN:42,fetchAllTasks
FN:50,fetchTimeSpent
FN:58,filterTaskByName
FN:59,(anonymous_5)
FN:63,filterTimeByTaskAndStaff
FN:64,(anonymous_7)
FN:68,filterAssignments
FN:69,(anonymous_9)
FN:73,renderTasks
FN:129,(anonymous_11)
FN:135,(anonymous_12)
FN:141,(anonymous_13)
FN:159,startStopwatch
FN:166,(anonymous_15)
FN:179,stopStopwatch
FN:191,logStopwatchTime
FN:239,(anonymous_18)
FN:271,getIDTotalTimeFromTaskStaff
FNF:20
FNH:15
FNDA:2,fetchAssignments
FNDA:3,logTimeInDateTimeLog
FNDA:2,fetchAllTasks
FNDA:3,fetchTimeSpent
FNDA:3,filterTaskByName
FNDA:4,(anonymous_5)
FNDA:2,filterTimeByTaskAndStaff
FNDA:4,(anonymous_7)
FNDA:2,filterAssignments
FNDA:6,(anonymous_9)
FNDA:1,renderTasks
FNDA:0,(anonymous_11)
FNDA:0,(anonymous_12)
FNDA:0,(anonymous_13)
FNDA:3,startStopwatch
FNDA:0,(anonymous_15)
FNDA:2,stopStopwatch
FNDA:3,logStopwatchTime
FNDA:0,(anonymous_18)
FNDA:2,getIDTotalTimeFromTaskStaff
DA:2,1
DA:3,1
DA:8,2
DA:9,2
DA:10,2
DA:11,2
DA:16,3
DA:23,3
DA:24,3
DA:32,3
DA:33,1
DA:37,1
DA:38,1
DA:43,2
DA:44,2
DA:45,2
DA:46,2
DA:51,3
DA:52,3
DA:53,3
DA:54,3
DA:59,4
DA:64,4
DA:69,6
DA:74,1
DA:75,1
DA:76,1
DA:77,1
DA:78,1
DA:81,1
DA:84,1
DA:85,1
DA:86,1
DA:87,1
DA:90,1
DA:91,1
DA:94,1
DA:95,1
DA:96,1
DA:99,1
DA:100,1
DA:102,1
DA:103,1
DA:104,1
DA:106,1
DA:107,1
DA:108,1
DA:110,1
DA:111,1
DA:112,1
DA:114,1
DA:115,1
DA:116,1
DA:117,1
DA:118,1
DA:121,1
DA:122,1
DA:123,1
DA:124,1
DA:127,1
DA:128,1
DA:129,1
DA:130,1
DA:133,1
DA:134,1
DA:135,1
DA:136,1
DA:139,1
DA:140,1
DA:141,1
DA:142,1
DA:145,1
DA:148,1
DA:149,1
DA:150,1
DA:151,1
DA:152,1
DA:160,3
DA:161,2
DA:162,2
DA:165,1
DA:166,1
DA:167,0
DA:168,0
DA:169,0
DA:170,0
DA:171,0
DA:175,1
DA:180,2
DA:181,1
DA:182,1
DA:185,1
DA:186,1
DA:187,1
DA:192,3
DA:193,1
DA:194,1
DA:197,2
DA:198,2
DA:199,1
DA:200,1
DA:203,1
DA:204,1
DA:205,1
DA:206,1
DA:208,1
DA:210,1
DA:212,1
DA:213,1
DA:215,1
DA:218,1
DA:224,1
DA:225,1
DA:232,1
DA:236,1
DA:239,1
DA:240,0
DA:241,0
DA:242,0
DA:245,0
DA:247,0
DA:248,0
DA:250,0
DA:252,0
DA:253,0
DA:256,0
DA:257,0
DA:262,0
DA:263,0
DA:268,0
DA:272,2
DA:273,4
DA:274,2
DA:280,1
LF:134
LH:115
BRDA:32,0,0,1
BRDA:32,0,1,2
BRDA:64,1,0,4
BRDA:64,1,1,3
BRDA:86,2,0,1
BRDA:86,2,1,0
BRDA:114,3,0,1
BRDA:114,3,1,0
BRDA:160,4,0,2
BRDA:160,4,1,1
BRDA:171,5,0,0
BRDA:171,5,1,0
BRDA:171,6,0,0
BRDA:171,6,1,0
BRDA:171,7,0,0
BRDA:171,7,1,0
BRDA:180,8,0,1
BRDA:180,8,1,1
BRDA:192,9,0,1
BRDA:192,9,1,2
BRDA:198,10,0,1
BRDA:198,10,1,1
BRDA:273,11,0,2
BRDA:273,11,1,2
BRDA:273,12,0,4
BRDA:273,12,1,2
BRF:26
BRH:18
end_of_record
